Determining if the Fortran sgemm exists failed with the following output:
Change Dir: /home/zuwang/TestFortran/BUILD/CMakeFiles/CMakeTmp

Run Build Command(s):/usr/bin/gmake -f Makefile cmTC_a8295/fast && /usr/bin/gmake  -f CMakeFiles/cmTC_a8295.dir/build.make CMakeFiles/cmTC_a8295.dir/build
gmake[1]: Entering directory `/home/zuwang/TestFortran/BUILD/CMakeFiles/CMakeTmp'
Building Fortran object CMakeFiles/cmTC_a8295.dir/testFortranCompiler.f.o
/opt/ohpc/pub/OneAPI/compiler/2022.1.0/linux/bin/intel64/ifort    -c /home/zuwang/TestFortran/BUILD/CMakeFiles/CMakeTmp/testFortranCompiler.f -o CMakeFiles/cmTC_a8295.dir/testFortranCompiler.f.o
Linking Fortran executable cmTC_a8295
/home/zuwang/miniconda3/bin/cmake -E cmake_link_script CMakeFiles/cmTC_a8295.dir/link.txt --verbose=1
/opt/ohpc/pub/OneAPI/compiler/2022.1.0/linux/bin/intel64/ifort CMakeFiles/cmTC_a8295.dir/testFortranCompiler.f.o -o cmTC_a8295 
CMakeFiles/cmTC_a8295.dir/testFortranCompiler.f.o: In function `MAIN__':
testFortranCompiler.f:(.text+0x37): undefined reference to `sgemm_'
gmake[1]: *** [cmTC_a8295] Error 1
gmake[1]: Leaving directory `/home/zuwang/TestFortran/BUILD/CMakeFiles/CMakeTmp'
gmake: *** [cmTC_a8295/fast] Error 2



Performing C SOURCE FILE Test CMAKE_HAVE_LIBC_PTHREAD failed with the following output:
Change Dir: /home/zuwang/TestFortran/BUILD/CMakeFiles/CMakeTmp

Run Build Command(s):/usr/bin/gmake -f Makefile cmTC_7d12c/fast && /usr/bin/gmake  -f CMakeFiles/cmTC_7d12c.dir/build.make CMakeFiles/cmTC_7d12c.dir/build
gmake[1]: Entering directory `/home/zuwang/TestFortran/BUILD/CMakeFiles/CMakeTmp'
Building C object CMakeFiles/cmTC_7d12c.dir/src.c.o
/usr/bin/cc -DCMAKE_HAVE_LIBC_PTHREAD   -o CMakeFiles/cmTC_7d12c.dir/src.c.o -c /home/zuwang/TestFortran/BUILD/CMakeFiles/CMakeTmp/src.c
Linking C executable cmTC_7d12c
/home/zuwang/miniconda3/bin/cmake -E cmake_link_script CMakeFiles/cmTC_7d12c.dir/link.txt --verbose=1
/usr/bin/cc CMakeFiles/cmTC_7d12c.dir/src.c.o -o cmTC_7d12c 
CMakeFiles/cmTC_7d12c.dir/src.c.o: In function `main':
src.c:(.text+0x2d): undefined reference to `pthread_create'
src.c:(.text+0x39): undefined reference to `pthread_detach'
src.c:(.text+0x45): undefined reference to `pthread_cancel'
src.c:(.text+0x56): undefined reference to `pthread_join'
src.c:(.text+0x6a): undefined reference to `pthread_atfork'
collect2: error: ld returned 1 exit status
gmake[1]: *** [cmTC_7d12c] Error 1
gmake[1]: Leaving directory `/home/zuwang/TestFortran/BUILD/CMakeFiles/CMakeTmp'
gmake: *** [cmTC_7d12c/fast] Error 2


Source file was:
#include <pthread.h>

static void* test_func(void* data)
{
  return data;
}

int main(void)
{
  pthread_t thread;
  pthread_create(&thread, NULL, test_func, NULL);
  pthread_detach(thread);
  pthread_cancel(thread);
  pthread_join(thread, NULL);
  pthread_atfork(NULL, NULL, NULL);
  pthread_exit(NULL);

  return 0;
}

Determining if the function pthread_create exists in the pthreads failed with the following output:
Change Dir: /home/zuwang/TestFortran/BUILD/CMakeFiles/CMakeTmp

Run Build Command(s):/usr/bin/gmake -f Makefile cmTC_7b0d5/fast && /usr/bin/gmake  -f CMakeFiles/cmTC_7b0d5.dir/build.make CMakeFiles/cmTC_7b0d5.dir/build
gmake[1]: Entering directory `/home/zuwang/TestFortran/BUILD/CMakeFiles/CMakeTmp'
Building C object CMakeFiles/cmTC_7b0d5.dir/CheckFunctionExists.c.o
/usr/bin/cc   -DCHECK_FUNCTION_EXISTS=pthread_create -o CMakeFiles/cmTC_7b0d5.dir/CheckFunctionExists.c.o -c /home/zuwang/miniconda3/share/cmake-3.22/Modules/CheckFunctionExists.c
Linking C executable cmTC_7b0d5
/home/zuwang/miniconda3/bin/cmake -E cmake_link_script CMakeFiles/cmTC_7b0d5.dir/link.txt --verbose=1
/usr/bin/cc  -DCHECK_FUNCTION_EXISTS=pthread_create CMakeFiles/cmTC_7b0d5.dir/CheckFunctionExists.c.o -o cmTC_7b0d5  -lpthreads 
/usr/bin/ld: cannot find -lpthreads
collect2: error: ld returned 1 exit status
gmake[1]: *** [cmTC_7b0d5] Error 1
gmake[1]: Leaving directory `/home/zuwang/TestFortran/BUILD/CMakeFiles/CMakeTmp'
gmake: *** [cmTC_7b0d5/fast] Error 2



