The system is: Linux - 3.10.0-1160.36.2.el7.x86_64 - x86_64
Compiling the Fortran compiler identification source file "CMakeFortranCompilerId.F" succeeded.
Compiler: /opt/ohpc/pub/OneAPI/compiler/2022.1.0/linux/bin/intel64/ifort 
Build flags: 
Id flags: -v 

The output was:
0
ifort version 2021.6.0
/opt/ohpc/pub/OneAPI/compiler/2022.1.0/linux/bin/intel64/../../bin/intel64/fpp    -D__INTEL_COMPILER=2021 -D__INTEL_COMPILER_UPDATE=6 -D__unix__ -D__unix -D__linux__ -D__linux -D__gnu_linux__ -Dunix -Dlinux -D__ELF__ -D__x86_64 -D__x86_64__ -D__amd64 -D__amd64__ -D__INTEL_COMPILER_BUILD_DATE=20220226 -D__INTEL_OFFLOAD -D__MMX__ -D__SSE__ -D__SSE_MATH__ -D__SSE2__ -D__SSE2_MATH__ -D__pentium4 -D__pentium4__ -D__tune_pentium4__ -I. -I/opt/ohpc/pub/OneAPI/mkl/2022.1.0/include -I/opt/ohpc/pub/OneAPI/tbb/2021.6.0/include -I/opt/ohpc/pub/OneAPI/compiler/2022.1.0/linux/bin/intel64/../../compiler/include/intel64 -I/opt/ohpc/pub/OneAPI/compiler/2022.1.0/linux/bin/intel64/../../compiler/include/icc -I/opt/ohpc/pub/OneAPI/compiler/2022.1.0/linux/bin/intel64/../../compiler/include -I/usr/local/include -I/usr/lib/gcc/x86_64-redhat-linux/4.8.5/include -I/usr/include/ -I/usr/include -fixed -4Ycpp -4Ncvf -f_com=yes -MX CMakeFortranCompilerId.F /tmp/iforttVFtY1.i
#include "..." search starts here:
#include <...> search starts here:
 .
 /opt/ohpc/pub/OneAPI/mkl/2022.1.0/include
 /opt/ohpc/pub/OneAPI/tbb/2021.6.0/include
 /opt/ohpc/pub/OneAPI/compiler/2022.1.0/linux/bin/intel64/../../compiler/include/intel64
 /opt/ohpc/pub/OneAPI/compiler/2022.1.0/linux/bin/intel64/../../compiler/include/icc
 /opt/ohpc/pub/OneAPI/compiler/2022.1.0/linux/bin/intel64/../../compiler/include
 /usr/local/include
 /usr/lib/gcc/x86_64-redhat-linux/4.8.5/include
 /usr/include/
 /usr/include
End of search list.
/opt/ohpc/pub/OneAPI/compiler/2022.1.0/linux/bin/intel64/../../bin/intel64/fortcom    -D__INTEL_COMPILER=2021 -D__INTEL_COMPILER_UPDATE=6 -D__unix__ -D__unix -D__linux__ -D__linux -D__gnu_linux__ -Dunix -Dlinux -D__ELF__ -D__x86_64 -D__x86_64__ -D__amd64 -D__amd64__ -D__INTEL_COMPILER_BUILD_DATE=20220226 -D__INTEL_OFFLOAD -D__MMX__ -D__SSE__ -D__SSE_MATH__ -D__SSE2__ -D__SSE2_MATH__ -D__pentium4 -D__pentium4__ -D__tune_pentium4__ -I. -I/opt/ohpc/pub/OneAPI/mkl/2022.1.0/include -I/opt/ohpc/pub/OneAPI/tbb/2021.6.0/include -I/opt/ohpc/pub/OneAPI/compiler/2022.1.0/linux/bin/intel64/../../compiler/include/intel64 -I/opt/ohpc/pub/OneAPI/compiler/2022.1.0/linux/bin/intel64/../../compiler/include/icc -I/opt/ohpc/pub/OneAPI/compiler/2022.1.0/linux/bin/intel64/../../compiler/include -I/usr/local/include -I/usr/lib/gcc/x86_64-redhat-linux/4.8.5/include -I/usr/include/ -I/usr/include -omp_simd -O2 "-reentrancy threaded" -simd -offload_host -mGLOB_em64t=TRUE -mP1OPT_version=2021.6.0-intel64 -mGLOB_diag_file=/tmp/ifort11tbBz.diag -mGLOB_long_size_64 -mGLOB_routine_pointer_size_64 -mGLOB_source_language=GLOB_SOURCE_LANGUAGE_F90 -mP2OPT_static_promotion -mGLOB_pack_sort_init_list -mP1OPT_print_version=FALSE -mCG_use_gas_got_workaround=F -mP2OPT_align_option_used=TRUE -mGLOB_gcc_version=485 -mGLOB_options_string=-v -mGLOB_cxx_limited_range=FALSE -mCG_extend_parms=FALSE -mGLOB_compiler_bin_directory=/opt/ohpc/pub/OneAPI/compiler/2022.1.0/linux/bin/intel64/../../bin/intel64 -mGLOB_as_output_backup_file_name=/tmp/ifortjZT8JWas_.s -mGLOB_dashboard_use_source_name -mIPOPT_activate -mIPOPT_lite -mGLOB_uarch_tuning=0x0 -mGLOB_product_id_code=0x22006d91 -mCG_bnl_movbe=T -mP3OPT_use_mspp_call_convention -mP2OPT_subs_out_of_bound=FALSE -mP2OPT_disam_type_based_disam=2 -mGLOB_ansi_alias -mPGOPTI_value_profile_use=T -mGLOB_opt_report_use_source_name -mGLOB_offload_mode=1 -mGLOB_offload_no_openmp=TRUE -mP2OPT_offload_unique_var_string=ifort1751381582rWC87J -mP2OPT_hlo_level=2 -mP2OPT_hlo -mP2OPT_hpo_rtt_control=0 -mIPOPT_args_in_regs=0 -mP2OPT_disam_assume_nonstd_intent_in=FALSE -mGLOB_imf_mapping_library=/opt/ohpc/pub/OneAPI/compiler/2022.1.0/linux/bin/intel64/../../bin/intel64/libiml_attr.so -mIPOPT_single_file_compile_and_link=TRUE -mPGOPTI_gen_threadsafe_level=0 -mIPOPT_lto_object_enabled -mIPOPT_lto_object_value=1 -mIPOPT_obj_output_file_name=/tmp/ifort11tbBz.o -mIPOPT_whole_archive_fixup_file_name=/tmp/ifortwarchf213wR -mGLOB_linker_version=2.27 -mGLOB_linker=ld -mGLOB_driver_tempfile_name=/tmp/iforttempfileb5GFVj -mP3OPT_asm_target=P3OPT_ASM_TARGET_GAS -mGLOB_async_unwind_tables=TRUE -mGLOB_obj_output_file=/tmp/ifort11tbBz.o -mGLOB_source_dialect=GLOB_SOURCE_DIALECT_FORTRAN -mP1OPT_source_file_name=CMakeFortranCompilerId.F -mP1OPT_full_source_file_name=/home/zuwang/TestFortran/BUILD/CMakeFiles/3.22.1/CompilerIdFortran/CMakeFortranCompilerId.F -mP2OPT_symtab_type_copy=true /tmp/iforttVFtY1.i
#include "..." search starts here:
#include <...> search starts here:
 .
 /opt/ohpc/pub/OneAPI/mkl/2022.1.0/include
 /opt/ohpc/pub/OneAPI/tbb/2021.6.0/include
 /opt/ohpc/pub/OneAPI/compiler/2022.1.0/linux/bin/intel64/../../compiler/include/intel64
 /opt/ohpc/pub/OneAPI/compiler/2022.1.0/linux/bin/intel64/../../compiler/include/icc
 /opt/ohpc/pub/OneAPI/compiler/2022.1.0/linux/bin/intel64/../../compiler/include
 /usr/local/include
 /usr/lib/gcc/x86_64-redhat-linux/4.8.5/include
 /usr/include/
 /usr/include
End of search list.
ld    /usr/lib/gcc/x86_64-redhat-linux/4.8.5/../../../../lib64/crt1.o /usr/lib/gcc/x86_64-redhat-linux/4.8.5/../../../../lib64/crti.o /usr/lib/gcc/x86_64-redhat-linux/4.8.5/crtbegin.o --eh-frame-hdr --build-id -dynamic-linker /lib64/ld-linux-x86-64.so.2 -m elf_x86_64 -plugin /opt/ohpc/pub/OneAPI/compiler/2022.1.0/linux/bin/intel64/../../bin/intel64/../../lib/icx-lto.so -o a.out /opt/ohpc/pub/OneAPI/compiler/2022.1.0/linux/bin/intel64/../../compiler/lib/intel64_lin/for_main.o -L/opt/ohpc/pub/OneAPI/mkl/2022.1.0/lib/intel64 -L/opt/ohpc/pub/OneAPI/compiler/2022.1.0/linux/lib -L/opt/ohpc/pub/OneAPI/tbb/2021.6.0/lib/intel64/gcc4.8 -L/opt/ohpc/pub/OneAPI/compiler/2022.1.0/linux/bin/intel64/../../compiler/lib/intel64_lin -L/usr/lib/gcc/x86_64-redhat-linux/4.8.5/ -L/usr/lib/gcc/x86_64-redhat-linux/4.8.5/../../../../lib64 -L/usr/lib/gcc/x86_64-redhat-linux/4.8.5/../../../../lib64/ -L/lib/../lib64 -L/lib/../lib64/ -L/usr/lib/../lib64 -L/usr/lib/../lib64/ -L/opt/ohpc/pub/OneAPI/mkl/2022.1.0/lib/intel64/ -L/opt/ohpc/pub/OneAPI/compiler/2022.1.0/linux/lib/ -L/opt/ohpc/pub/OneAPI/tbb/2021.6.0/lib/intel64/gcc4.8/ -L/usr/lib/gcc/x86_64-redhat-linux/4.8.5/../../../ -L/lib64 -L/lib/ -L/usr/lib64 -L/usr/lib /tmp/ifort11tbBz.o -Bdynamic -Bstatic -lifport -lifcoremt -limf -lsvml -Bdynamic -lm -Bstatic -lipgo -lirc -Bdynamic -lpthread -Bstatic -lsvml -Bdynamic -lc -lgcc -lgcc_s -Bstatic -lirc_s -Bdynamic -ldl -lc /usr/lib/gcc/x86_64-redhat-linux/4.8.5/crtend.o /usr/lib/gcc/x86_64-redhat-linux/4.8.5/../../../../lib64/crtn.o


Compilation of the Fortran compiler identification source "CMakeFortranCompilerId.F" produced "a.out"

The Fortran compiler identification is Intel, found in "/home/zuwang/TestFortran/BUILD/CMakeFiles/3.22.1/CompilerIdFortran/a.out"

Compiling the C compiler identification source file "CMakeCCompilerId.c" succeeded.
Compiler: /usr/bin/cc 
Build flags: 
Id flags:  

The output was:
0


Compilation of the C compiler identification source "CMakeCCompilerId.c" produced "a.out"

The C compiler identification is GNU, found in "/home/zuwang/TestFortran/BUILD/CMakeFiles/3.22.1/CompilerIdC/a.out"

Detecting Fortran compiler ABI info compiled with the following output:
Change Dir: /home/zuwang/TestFortran/BUILD/CMakeFiles/CMakeTmp

Run Build Command(s):/usr/bin/gmake -f Makefile cmTC_f53f3/fast && /usr/bin/gmake  -f CMakeFiles/cmTC_f53f3.dir/build.make CMakeFiles/cmTC_f53f3.dir/build
gmake[1]: Entering directory `/home/zuwang/TestFortran/BUILD/CMakeFiles/CMakeTmp'
Building Fortran object CMakeFiles/cmTC_f53f3.dir/CMakeFortranCompilerABI.F90.o
/opt/ohpc/pub/OneAPI/compiler/2022.1.0/linux/bin/intel64/ifort   -v -c /home/zuwang/miniconda3/share/cmake-3.22/Modules/CMakeFortranCompilerABI.F90 -o CMakeFiles/cmTC_f53f3.dir/CMakeFortranCompilerABI.F90.o
ifort version 2021.6.0
/opt/ohpc/pub/OneAPI/compiler/2022.1.0/linux/bin/intel64/../../bin/intel64/fpp    -D__INTEL_COMPILER=2021 -D__INTEL_COMPILER_UPDATE=6 -D__unix__ -D__unix -D__linux__ -D__linux -D__gnu_linux__ -Dunix -Dlinux -D__ELF__ -D__x86_64 -D__x86_64__ -D__amd64 -D__amd64__ -D__INTEL_COMPILER_BUILD_DATE=20220226 -D__INTEL_OFFLOAD -D__MMX__ -D__SSE__ -D__SSE_MATH__ -D__SSE2__ -D__SSE2_MATH__ -D__pentium4 -D__pentium4__ -D__tune_pentium4__ -I. -I/opt/ohpc/pub/OneAPI/mkl/2022.1.0/include -I/opt/ohpc/pub/OneAPI/tbb/2021.6.0/include -I/opt/ohpc/pub/OneAPI/compiler/2022.1.0/linux/bin/intel64/../../compiler/include/intel64 -I/opt/ohpc/pub/OneAPI/compiler/2022.1.0/linux/bin/intel64/../../compiler/include/icc -I/opt/ohpc/pub/OneAPI/compiler/2022.1.0/linux/bin/intel64/../../compiler/include -I/usr/local/include -I/usr/lib/gcc/x86_64-redhat-linux/4.8.5/include -I/usr/include/ -I/usr/include -4Ycpp -4Ncvf -f_com=yes -MX /home/zuwang/miniconda3/share/cmake-3.22/Modules/CMakeFortranCompilerABI.F90 /tmp/ifort1zgK3E.i90
#include "..." search starts here:
#include <...> search starts here:
 .
 /opt/ohpc/pub/OneAPI/mkl/2022.1.0/include
 /opt/ohpc/pub/OneAPI/tbb/2021.6.0/include
 /opt/ohpc/pub/OneAPI/compiler/2022.1.0/linux/bin/intel64/../../compiler/include/intel64
 /opt/ohpc/pub/OneAPI/compiler/2022.1.0/linux/bin/intel64/../../compiler/include/icc
 /opt/ohpc/pub/OneAPI/compiler/2022.1.0/linux/bin/intel64/../../compiler/include
 /usr/local/include
 /usr/lib/gcc/x86_64-redhat-linux/4.8.5/include
 /usr/include/
 /usr/include
End of search list.
/opt/ohpc/pub/OneAPI/compiler/2022.1.0/linux/bin/intel64/../../bin/intel64/fortcom    -D__INTEL_COMPILER=2021 -D__INTEL_COMPILER_UPDATE=6 -D__unix__ -D__unix -D__linux__ -D__linux -D__gnu_linux__ -Dunix -Dlinux -D__ELF__ -D__x86_64 -D__x86_64__ -D__amd64 -D__amd64__ -D__INTEL_COMPILER_BUILD_DATE=20220226 -D__INTEL_OFFLOAD -D__MMX__ -D__SSE__ -D__SSE_MATH__ -D__SSE2__ -D__SSE2_MATH__ -D__pentium4 -D__pentium4__ -D__tune_pentium4__ -I/home/zuwang/miniconda3/share/cmake-3.22/Modules -I. -I/opt/ohpc/pub/OneAPI/mkl/2022.1.0/include -I/opt/ohpc/pub/OneAPI/tbb/2021.6.0/include -I/opt/ohpc/pub/OneAPI/compiler/2022.1.0/linux/bin/intel64/../../compiler/include/intel64 -I/opt/ohpc/pub/OneAPI/compiler/2022.1.0/linux/bin/intel64/../../compiler/include/icc -I/opt/ohpc/pub/OneAPI/compiler/2022.1.0/linux/bin/intel64/../../compiler/include -I/usr/local/include -I/usr/lib/gcc/x86_64-redhat-linux/4.8.5/include -I/usr/include/ -I/usr/include -omp_simd -O2 "-reentrancy threaded" -simd -offload_host -mGLOB_em64t=TRUE -mP1OPT_version=2021.6.0-intel64 -mGLOB_diag_file=CMakeFiles/cmTC_f53f3.dir/CMakeFortranCompilerABI.F90.diag -mGLOB_long_size_64 -mGLOB_routine_pointer_size_64 -mGLOB_source_language=GLOB_SOURCE_LANGUAGE_F90 -mP2OPT_static_promotion -mGLOB_pack_sort_init_list -mP1OPT_print_version=FALSE -mCG_use_gas_got_workaround=F -mP2OPT_align_option_used=TRUE -mGLOB_gcc_version=485 "-mGLOB_options_string=-v -c -o CMakeFiles/cmTC_f53f3.dir/CMakeFortranCompilerABI.F90.o" -mGLOB_cxx_limited_range=FALSE -mCG_extend_parms=FALSE -mGLOB_compiler_bin_directory=/opt/ohpc/pub/OneAPI/compiler/2022.1.0/linux/bin/intel64/../../bin/intel64 -mGLOB_as_output_backup_file_name=/tmp/iforttN71KBas_.s -mIPOPT_activate -mIPOPT_lite -mGLOB_uarch_tuning=0x0 -mGLOB_product_id_code=0x22006d91 -mCG_bnl_movbe=T -mP3OPT_use_mspp_call_convention -mP2OPT_subs_out_of_bound=FALSE -mP2OPT_disam_type_based_disam=2 -mGLOB_ansi_alias -mPGOPTI_value_profile_use=T -mGLOB_offload_mode=1 -mGLOB_offload_no_openmp=TRUE -mP2OPT_offload_unique_var_string=ifort0595698741KuGA2e -mP2OPT_hlo_level=2 -mP2OPT_hlo -mP2OPT_hpo_rtt_control=0 -mIPOPT_args_in_regs=0 -mP2OPT_disam_assume_nonstd_intent_in=FALSE -mGLOB_imf_mapping_library=/opt/ohpc/pub/OneAPI/compiler/2022.1.0/linux/bin/intel64/../../bin/intel64/libiml_attr.so -mPGOPTI_gen_threadsafe_level=0 -mIPOPT_lto_object_enabled -mIPOPT_lto_object_value=1 -mIPOPT_obj_output_file_name=CMakeFiles/cmTC_f53f3.dir/CMakeFortranCompilerABI.F90.o -mIPOPT_whole_archive_fixup_file_name=/tmp/ifortwarchNcp2sy -mGLOB_linker_version=2.27 -mGLOB_linker=ld -mGLOB_driver_tempfile_name=/tmp/iforttempfilegxsaP1 -mP3OPT_asm_target=P3OPT_ASM_TARGET_GAS -mGLOB_async_unwind_tables=TRUE -mGLOB_obj_output_file=CMakeFiles/cmTC_f53f3.dir/CMakeFortranCompilerABI.F90.o -mGLOB_source_dialect=GLOB_SOURCE_DIALECT_FORTRAN -mP1OPT_source_file_name=/home/zuwang/miniconda3/share/cmake-3.22/Modules/CMakeFortranCompilerABI.F90 -mP1OPT_full_source_file_name=/home/zuwang/miniconda3/share/cmake-3.22/Modules/CMakeFortranCompilerABI.F90 -mP2OPT_symtab_type_copy=true /tmp/ifort1zgK3E.i90
#include "..." search starts here:
#include <...> search starts here:
 /home/zuwang/miniconda3/share/cmake-3.22/Modules
 .
 /opt/ohpc/pub/OneAPI/mkl/2022.1.0/include
 /opt/ohpc/pub/OneAPI/tbb/2021.6.0/include
 /opt/ohpc/pub/OneAPI/compiler/2022.1.0/linux/bin/intel64/../../compiler/include/intel64
 /opt/ohpc/pub/OneAPI/compiler/2022.1.0/linux/bin/intel64/../../compiler/include/icc
 /opt/ohpc/pub/OneAPI/compiler/2022.1.0/linux/bin/intel64/../../compiler/include
 /usr/local/include
 /usr/lib/gcc/x86_64-redhat-linux/4.8.5/include
 /usr/include/
 /usr/include
End of search list.
Linking Fortran executable cmTC_f53f3
/home/zuwang/miniconda3/bin/cmake -E cmake_link_script CMakeFiles/cmTC_f53f3.dir/link.txt --verbose=1
/opt/ohpc/pub/OneAPI/compiler/2022.1.0/linux/bin/intel64/ifort  -v CMakeFiles/cmTC_f53f3.dir/CMakeFortranCompilerABI.F90.o -o cmTC_f53f3 
ifort version 2021.6.0
/opt/ohpc/pub/OneAPI/compiler/2022.1.0/linux/bin/intel64/../../bin/intel64/fortcom    -mGLOB_em64t=TRUE -mP1OPT_version=2021.6.0-intel64 -mGLOB_diag_file=CMakeFiles/cmTC_f53f3.dir/CMakeFortranCompilerABI.F90.diag -mGLOB_long_size_64 -mGLOB_routine_pointer_size_64 -mGLOB_source_language=GLOB_SOURCE_LANGUAGE_F90 -mP2OPT_static_promotion -mGLOB_pack_sort_init_list -mP1OPT_print_version=FALSE -mCG_use_gas_got_workaround=F -mP2OPT_align_option_used=TRUE -mGLOB_gcc_version=485 "-mGLOB_options_string=-v -o cmTC_f53f3" -mGLOB_cxx_limited_range=FALSE -mCG_extend_parms=FALSE -mGLOB_compiler_bin_directory=/opt/ohpc/pub/OneAPI/compiler/2022.1.0/linux/bin/intel64/../../bin/intel64 -mGLOB_as_output_backup_file_name=/tmp/ifort1z6WcAas_.s -mGLOB_dashboard_use_source_name -mIPOPT_activate -mGLOB_product_id_code=0x22006d91 -mP3OPT_use_mspp_call_convention -mP2OPT_subs_out_of_bound=FALSE -mP2OPT_disam_type_based_disam=2 -mGLOB_ansi_alias -mPGOPTI_value_profile_use=T -mGLOB_opt_report_use_source_name -mGLOB_offload_mode=1 -mGLOB_offload_no_openmp=TRUE -mP2OPT_offload_unique_var_string=ifort0399509432mYGQWp -mP2OPT_hlo -mP2OPT_hpo_rtt_control=0 -mIPOPT_args_in_regs=0 -mP2OPT_disam_assume_nonstd_intent_in=FALSE -mGLOB_imf_mapping_library=/opt/ohpc/pub/OneAPI/compiler/2022.1.0/linux/bin/intel64/../../bin/intel64/libiml_attr.so -mPGOPTI_gen_threadsafe_level=0 -mIPOPT_link -mIPOPT_ipo_activate -mIPOPT_mo_activate -mIPOPT_source_files_list=/tmp/ifortslisLAjRXC -mIPOPT_mo_global_data -mIPOPT_link_script_file=/tmp/ifortscriptszupA6 "-mIPOPT_cmdline_link="/usr/lib/gcc/x86_64-redhat-linux/4.8.5/../../../../lib64/crt1.o" "/usr/lib/gcc/x86_64-redhat-linux/4.8.5/../../../../lib64/crti.o" "/usr/lib/gcc/x86_64-redhat-linux/4.8.5/crtbegin.o" "--eh-frame-hdr" "--build-id" "-dynamic-linker" "/lib64/ld-linux-x86-64.so.2" "-m" "elf_x86_64" "-plugin" "/opt/ohpc/pub/OneAPI/compiler/2022.1.0/linux/bin/intel64/../../bin/intel64/../../lib/icx-lto.so" "-o" "cmTC_f53f3" "/opt/ohpc/pub/OneAPI/compiler/2022.1.0/linux/bin/intel64/../../compiler/lib/intel64_lin/for_main.o" "-L/opt/ohpc/pub/OneAPI/mkl/2022.1.0/lib/intel64" "-L/opt/ohpc/pub/OneAPI/compiler/2022.1.0/linux/lib" "-L/opt/ohpc/pub/OneAPI/tbb/2021.6.0/lib/intel64/gcc4.8" "-L/opt/ohpc/pub/OneAPI/compiler/2022.1.0/linux/bin/intel64/../../compiler/lib/intel64_lin" "-L/usr/lib/gcc/x86_64-redhat-linux/4.8.5/" "-L/usr/lib/gcc/x86_64-redhat-linux/4.8.5/../../../../lib64" "-L/usr/lib/gcc/x86_64-redhat-linux/4.8.5/../../../../lib64/" "-L/lib/../lib64" "-L/lib/../lib64/" "-L/usr/lib/../lib64" "-L/usr/lib/../lib64/" "-L/opt/ohpc/pub/OneAPI/mkl/2022.1.0/lib/intel64/" "-L/opt/ohpc/pub/OneAPI/compiler/2022.1.0/linux/lib/" "-L/opt/ohpc/pub/OneAPI/tbb/2021.6.0/lib/intel64/gcc4.8/" "-L/usr/lib/gcc/x86_64-redhat-linux/4.8.5/../../../" "-L/lib64" "-L/lib/" "-L/usr/lib64" "-L/usr/lib" "CMakeFiles/cmTC_f53f3.dir/CMakeFortranCompilerABI.F90.o" "-Bdynamic" "-Bstatic" "-lifport" "-lifcoremt" "-limf" "-lsvml" "-Bdynamic" "-lm" "-Bstatic" "-lipgo" "-lirc" "-Bdynamic" "-lpthread" "-Bstatic" "-lsvml" "-Bdynamic" "-lc" "-lgcc" "-lgcc_s" "-Bstatic" "-lirc_s" "-Bdynamic" "-ldl" "-lc" "/usr/lib/gcc/x86_64-redhat-linux/4.8.5/crtend.o" "/usr/lib/gcc/x86_64-redhat-linux/4.8.5/../../../../lib64/crtn.o"" -mIPOPT_il_in_obj -mIPOPT_ipo_activate_warn=FALSE -mIPOPT_obj_output_file_name=/tmp/ipo_ifortRyMHeL.o -mIPOPT_whole_archive_fixup_file_name=/tmp/ifortwarchnU5Bsx -mGLOB_linker_version=2.27 -mGLOB_linker=ld -mGLOB_driver_tempfile_name=/tmp/iforttempfileuOzJ50 -mP3OPT_asm_target=P3OPT_ASM_TARGET_GAS -mGLOB_async_unwind_tables=TRUE -mGLOB_obj_output_file=/tmp/ipo_ifortRyMHeL.o -mGLOB_source_dialect=GLOB_SOURCE_DIALECT_NONE -mP1OPT_source_file_name=ipo_out.f -mP2OPT_symtab_type_copy=true CMakeFiles/cmTC_f53f3.dir/CMakeFortranCompilerABI.F90.o -mIPOPT_object_files=T -mIPOPT_assembly_files=/tmp/ifortalisD0TJtI -mIPOPT_generated_tempfiles=/tmp/ifortelisWASg6b -mIPOPT_embedded_object_base_name=/tmp/iforteobjx22MIF -mIPOPT_cmdline_link_new_name=/tmp/ifortllisK4tjl9
ld    /usr/lib/gcc/x86_64-redhat-linux/4.8.5/../../../../lib64/crt1.o /usr/lib/gcc/x86_64-redhat-linux/4.8.5/../../../../lib64/crti.o /usr/lib/gcc/x86_64-redhat-linux/4.8.5/crtbegin.o --eh-frame-hdr --build-id -dynamic-linker /lib64/ld-linux-x86-64.so.2 -m elf_x86_64 -plugin /opt/ohpc/pub/OneAPI/compiler/2022.1.0/linux/bin/intel64/../../bin/intel64/../../lib/icx-lto.so -o cmTC_f53f3 /opt/ohpc/pub/OneAPI/compiler/2022.1.0/linux/bin/intel64/../../compiler/lib/intel64_lin/for_main.o -L/opt/ohpc/pub/OneAPI/mkl/2022.1.0/lib/intel64 -L/opt/ohpc/pub/OneAPI/compiler/2022.1.0/linux/lib -L/opt/ohpc/pub/OneAPI/tbb/2021.6.0/lib/intel64/gcc4.8 -L/opt/ohpc/pub/OneAPI/compiler/2022.1.0/linux/bin/intel64/../../compiler/lib/intel64_lin -L/usr/lib/gcc/x86_64-redhat-linux/4.8.5/ -L/usr/lib/gcc/x86_64-redhat-linux/4.8.5/../../../../lib64 -L/usr/lib/gcc/x86_64-redhat-linux/4.8.5/../../../../lib64/ -L/lib/../lib64 -L/lib/../lib64/ -L/usr/lib/../lib64 -L/usr/lib/../lib64/ -L/opt/ohpc/pub/OneAPI/mkl/2022.1.0/lib/intel64/ -L/opt/ohpc/pub/OneAPI/compiler/2022.1.0/linux/lib/ -L/opt/ohpc/pub/OneAPI/tbb/2021.6.0/lib/intel64/gcc4.8/ -L/usr/lib/gcc/x86_64-redhat-linux/4.8.5/../../../ -L/lib64 -L/lib/ -L/usr/lib64 -L/usr/lib CMakeFiles/cmTC_f53f3.dir/CMakeFortranCompilerABI.F90.o -Bdynamic -Bstatic -lifport -lifcoremt -limf -lsvml -Bdynamic -lm -Bstatic -lipgo -lirc -Bdynamic -lpthread -Bstatic -lsvml -Bdynamic -lc -lgcc -lgcc_s -Bstatic -lirc_s -Bdynamic -ldl -lc /usr/lib/gcc/x86_64-redhat-linux/4.8.5/crtend.o /usr/lib/gcc/x86_64-redhat-linux/4.8.5/../../../../lib64/crtn.o
gmake[1]: Leaving directory `/home/zuwang/TestFortran/BUILD/CMakeFiles/CMakeTmp'



Parsed Fortran implicit include dir info from above output: rv=done
  found start of include info
  found start of implicit include info
    add: [.]
    add: [/opt/ohpc/pub/OneAPI/mkl/2022.1.0/include]
    add: [/opt/ohpc/pub/OneAPI/tbb/2021.6.0/include]
    add: [/opt/ohpc/pub/OneAPI/compiler/2022.1.0/linux/bin/intel64/../../compiler/include/intel64]
    add: [/opt/ohpc/pub/OneAPI/compiler/2022.1.0/linux/bin/intel64/../../compiler/include/icc]
    add: [/opt/ohpc/pub/OneAPI/compiler/2022.1.0/linux/bin/intel64/../../compiler/include]
    add: [/usr/local/include]
    add: [/usr/lib/gcc/x86_64-redhat-linux/4.8.5/include]
    add: [/usr/include/]
    add: [/usr/include]
  end of search list found
  skipping relative include dir [.]
  collapse include dir [/opt/ohpc/pub/OneAPI/mkl/2022.1.0/include] ==> [/opt/ohpc/pub/OneAPI/mkl/2022.1.0/include]
  collapse include dir [/opt/ohpc/pub/OneAPI/tbb/2021.6.0/include] ==> [/opt/ohpc/pub/OneAPI/tbb/2021.6.0/include]
  collapse include dir [/opt/ohpc/pub/OneAPI/compiler/2022.1.0/linux/bin/intel64/../../compiler/include/intel64] ==> [/opt/ohpc/pub/OneAPI/compiler/2022.1.0/linux/compiler/include/intel64]
  collapse include dir [/opt/ohpc/pub/OneAPI/compiler/2022.1.0/linux/bin/intel64/../../compiler/include/icc] ==> [/opt/ohpc/pub/OneAPI/compiler/2022.1.0/linux/compiler/include/icc]
  collapse include dir [/opt/ohpc/pub/OneAPI/compiler/2022.1.0/linux/bin/intel64/../../compiler/include] ==> [/opt/ohpc/pub/OneAPI/compiler/2022.1.0/linux/compiler/include]
  collapse include dir [/usr/local/include] ==> [/usr/local/include]
  collapse include dir [/usr/lib/gcc/x86_64-redhat-linux/4.8.5/include] ==> [/usr/lib/gcc/x86_64-redhat-linux/4.8.5/include]
  collapse include dir [/usr/include/] ==> [/usr/include]
  collapse include dir [/usr/include] ==> [/usr/include]
  implicit include dirs: [/opt/ohpc/pub/OneAPI/mkl/2022.1.0/include;/opt/ohpc/pub/OneAPI/tbb/2021.6.0/include;/opt/ohpc/pub/OneAPI/compiler/2022.1.0/linux/compiler/include/intel64;/opt/ohpc/pub/OneAPI/compiler/2022.1.0/linux/compiler/include/icc;/opt/ohpc/pub/OneAPI/compiler/2022.1.0/linux/compiler/include;/usr/local/include;/usr/lib/gcc/x86_64-redhat-linux/4.8.5/include;/usr/include]


Parsed Fortran implicit link information from above output:
  link line regex: [^( *|.*[/\])(ld|CMAKE_LINK_STARTFILE-NOTFOUND|([^/\]+-)?ld|collect2)[^/\]*( |$)]
  ignore line: [Change Dir: /home/zuwang/TestFortran/BUILD/CMakeFiles/CMakeTmp]
  ignore line: []
  ignore line: [Run Build Command(s):/usr/bin/gmake -f Makefile cmTC_f53f3/fast && /usr/bin/gmake  -f CMakeFiles/cmTC_f53f3.dir/build.make CMakeFiles/cmTC_f53f3.dir/build]
  ignore line: [gmake[1]: Entering directory `/home/zuwang/TestFortran/BUILD/CMakeFiles/CMakeTmp']
  ignore line: [Building Fortran object CMakeFiles/cmTC_f53f3.dir/CMakeFortranCompilerABI.F90.o]
  ignore line: [/opt/ohpc/pub/OneAPI/compiler/2022.1.0/linux/bin/intel64/ifort   -v -c /home/zuwang/miniconda3/share/cmake-3.22/Modules/CMakeFortranCompilerABI.F90 -o CMakeFiles/cmTC_f53f3.dir/CMakeFortranCompilerABI.F90.o]
  ignore line: [ifort version 2021.6.0]
  ignore line: [/opt/ohpc/pub/OneAPI/compiler/2022.1.0/linux/bin/intel64/../../bin/intel64/fpp    -D__INTEL_COMPILER=2021 -D__INTEL_COMPILER_UPDATE=6 -D__unix__ -D__unix -D__linux__ -D__linux -D__gnu_linux__ -Dunix -Dlinux -D__ELF__ -D__x86_64 -D__x86_64__ -D__amd64 -D__amd64__ -D__INTEL_COMPILER_BUILD_DATE=20220226 -D__INTEL_OFFLOAD -D__MMX__ -D__SSE__ -D__SSE_MATH__ -D__SSE2__ -D__SSE2_MATH__ -D__pentium4 -D__pentium4__ -D__tune_pentium4__ -I. -I/opt/ohpc/pub/OneAPI/mkl/2022.1.0/include -I/opt/ohpc/pub/OneAPI/tbb/2021.6.0/include -I/opt/ohpc/pub/OneAPI/compiler/2022.1.0/linux/bin/intel64/../../compiler/include/intel64 -I/opt/ohpc/pub/OneAPI/compiler/2022.1.0/linux/bin/intel64/../../compiler/include/icc -I/opt/ohpc/pub/OneAPI/compiler/2022.1.0/linux/bin/intel64/../../compiler/include -I/usr/local/include -I/usr/lib/gcc/x86_64-redhat-linux/4.8.5/include -I/usr/include/ -I/usr/include -4Ycpp -4Ncvf -f_com=yes -MX /home/zuwang/miniconda3/share/cmake-3.22/Modules/CMakeFortranCompilerABI.F90 /tmp/ifort1zgK3E.i90]
  ignore line: [#include "..." search starts here:]
  ignore line: [#include <...> search starts here:]
  ignore line: [ .]
  ignore line: [ /opt/ohpc/pub/OneAPI/mkl/2022.1.0/include]
  ignore line: [ /opt/ohpc/pub/OneAPI/tbb/2021.6.0/include]
  ignore line: [ /opt/ohpc/pub/OneAPI/compiler/2022.1.0/linux/bin/intel64/../../compiler/include/intel64]
  ignore line: [ /opt/ohpc/pub/OneAPI/compiler/2022.1.0/linux/bin/intel64/../../compiler/include/icc]
  ignore line: [ /opt/ohpc/pub/OneAPI/compiler/2022.1.0/linux/bin/intel64/../../compiler/include]
  ignore line: [ /usr/local/include]
  ignore line: [ /usr/lib/gcc/x86_64-redhat-linux/4.8.5/include]
  ignore line: [ /usr/include/]
  ignore line: [ /usr/include]
  ignore line: [End of search list.]
  ignore line: [/opt/ohpc/pub/OneAPI/compiler/2022.1.0/linux/bin/intel64/../../bin/intel64/fortcom    -D__INTEL_COMPILER=2021 -D__INTEL_COMPILER_UPDATE=6 -D__unix__ -D__unix -D__linux__ -D__linux -D__gnu_linux__ -Dunix -Dlinux -D__ELF__ -D__x86_64 -D__x86_64__ -D__amd64 -D__amd64__ -D__INTEL_COMPILER_BUILD_DATE=20220226 -D__INTEL_OFFLOAD -D__MMX__ -D__SSE__ -D__SSE_MATH__ -D__SSE2__ -D__SSE2_MATH__ -D__pentium4 -D__pentium4__ -D__tune_pentium4__ -I/home/zuwang/miniconda3/share/cmake-3.22/Modules -I. -I/opt/ohpc/pub/OneAPI/mkl/2022.1.0/include -I/opt/ohpc/pub/OneAPI/tbb/2021.6.0/include -I/opt/ohpc/pub/OneAPI/compiler/2022.1.0/linux/bin/intel64/../../compiler/include/intel64 -I/opt/ohpc/pub/OneAPI/compiler/2022.1.0/linux/bin/intel64/../../compiler/include/icc -I/opt/ohpc/pub/OneAPI/compiler/2022.1.0/linux/bin/intel64/../../compiler/include -I/usr/local/include -I/usr/lib/gcc/x86_64-redhat-linux/4.8.5/include -I/usr/include/ -I/usr/include -omp_simd -O2 "-reentrancy threaded" -simd -offload_host -mGLOB_em64t=TRUE -mP1OPT_version=2021.6.0-intel64 -mGLOB_diag_file=CMakeFiles/cmTC_f53f3.dir/CMakeFortranCompilerABI.F90.diag -mGLOB_long_size_64 -mGLOB_routine_pointer_size_64 -mGLOB_source_language=GLOB_SOURCE_LANGUAGE_F90 -mP2OPT_static_promotion -mGLOB_pack_sort_init_list -mP1OPT_print_version=FALSE -mCG_use_gas_got_workaround=F -mP2OPT_align_option_used=TRUE -mGLOB_gcc_version=485 "-mGLOB_options_string=-v -c -o CMakeFiles/cmTC_f53f3.dir/CMakeFortranCompilerABI.F90.o" -mGLOB_cxx_limited_range=FALSE -mCG_extend_parms=FALSE -mGLOB_compiler_bin_directory=/opt/ohpc/pub/OneAPI/compiler/2022.1.0/linux/bin/intel64/../../bin/intel64 -mGLOB_as_output_backup_file_name=/tmp/iforttN71KBas_.s -mIPOPT_activate -mIPOPT_lite -mGLOB_uarch_tuning=0x0 -mGLOB_product_id_code=0x22006d91 -mCG_bnl_movbe=T -mP3OPT_use_mspp_call_convention -mP2OPT_subs_out_of_bound=FALSE -mP2OPT_disam_type_based_disam=2 -mGLOB_ansi_alias -mPGOPTI_value_profile_use=T -mGLOB_offload_mode=1 -mGLOB_offload_no_openmp=TRUE -mP2OPT_offload_unique_var_string=ifort0595698741KuGA2e -mP2OPT_hlo_level=2 -mP2OPT_hlo -mP2OPT_hpo_rtt_control=0 -mIPOPT_args_in_regs=0 -mP2OPT_disam_assume_nonstd_intent_in=FALSE -mGLOB_imf_mapping_library=/opt/ohpc/pub/OneAPI/compiler/2022.1.0/linux/bin/intel64/../../bin/intel64/libiml_attr.so -mPGOPTI_gen_threadsafe_level=0 -mIPOPT_lto_object_enabled -mIPOPT_lto_object_value=1 -mIPOPT_obj_output_file_name=CMakeFiles/cmTC_f53f3.dir/CMakeFortranCompilerABI.F90.o -mIPOPT_whole_archive_fixup_file_name=/tmp/ifortwarchNcp2sy -mGLOB_linker_version=2.27 -mGLOB_linker=ld -mGLOB_driver_tempfile_name=/tmp/iforttempfilegxsaP1 -mP3OPT_asm_target=P3OPT_ASM_TARGET_GAS -mGLOB_async_unwind_tables=TRUE -mGLOB_obj_output_file=CMakeFiles/cmTC_f53f3.dir/CMakeFortranCompilerABI.F90.o -mGLOB_source_dialect=GLOB_SOURCE_DIALECT_FORTRAN -mP1OPT_source_file_name=/home/zuwang/miniconda3/share/cmake-3.22/Modules/CMakeFortranCompilerABI.F90 -mP1OPT_full_source_file_name=/home/zuwang/miniconda3/share/cmake-3.22/Modules/CMakeFortranCompilerABI.F90 -mP2OPT_symtab_type_copy=true /tmp/ifort1zgK3E.i90]
  ignore line: [#include "..." search starts here:]
  ignore line: [#include <...> search starts here:]
  ignore line: [ /home/zuwang/miniconda3/share/cmake-3.22/Modules]
  ignore line: [ .]
  ignore line: [ /opt/ohpc/pub/OneAPI/mkl/2022.1.0/include]
  ignore line: [ /opt/ohpc/pub/OneAPI/tbb/2021.6.0/include]
  ignore line: [ /opt/ohpc/pub/OneAPI/compiler/2022.1.0/linux/bin/intel64/../../compiler/include/intel64]
  ignore line: [ /opt/ohpc/pub/OneAPI/compiler/2022.1.0/linux/bin/intel64/../../compiler/include/icc]
  ignore line: [ /opt/ohpc/pub/OneAPI/compiler/2022.1.0/linux/bin/intel64/../../compiler/include]
  ignore line: [ /usr/local/include]
  ignore line: [ /usr/lib/gcc/x86_64-redhat-linux/4.8.5/include]
  ignore line: [ /usr/include/]
  ignore line: [ /usr/include]
  ignore line: [End of search list.]
  ignore line: [Linking Fortran executable cmTC_f53f3]
  ignore line: [/home/zuwang/miniconda3/bin/cmake -E cmake_link_script CMakeFiles/cmTC_f53f3.dir/link.txt --verbose=1]
  ignore line: [/opt/ohpc/pub/OneAPI/compiler/2022.1.0/linux/bin/intel64/ifort  -v CMakeFiles/cmTC_f53f3.dir/CMakeFortranCompilerABI.F90.o -o cmTC_f53f3 ]
  ignore line: [ifort version 2021.6.0]
  ignore line: [/opt/ohpc/pub/OneAPI/compiler/2022.1.0/linux/bin/intel64/../../bin/intel64/fortcom    -mGLOB_em64t=TRUE -mP1OPT_version=2021.6.0-intel64 -mGLOB_diag_file=CMakeFiles/cmTC_f53f3.dir/CMakeFortranCompilerABI.F90.diag -mGLOB_long_size_64 -mGLOB_routine_pointer_size_64 -mGLOB_source_language=GLOB_SOURCE_LANGUAGE_F90 -mP2OPT_static_promotion -mGLOB_pack_sort_init_list -mP1OPT_print_version=FALSE -mCG_use_gas_got_workaround=F -mP2OPT_align_option_used=TRUE -mGLOB_gcc_version=485 "-mGLOB_options_string=-v -o cmTC_f53f3" -mGLOB_cxx_limited_range=FALSE -mCG_extend_parms=FALSE -mGLOB_compiler_bin_directory=/opt/ohpc/pub/OneAPI/compiler/2022.1.0/linux/bin/intel64/../../bin/intel64 -mGLOB_as_output_backup_file_name=/tmp/ifort1z6WcAas_.s -mGLOB_dashboard_use_source_name -mIPOPT_activate -mGLOB_product_id_code=0x22006d91 -mP3OPT_use_mspp_call_convention -mP2OPT_subs_out_of_bound=FALSE -mP2OPT_disam_type_based_disam=2 -mGLOB_ansi_alias -mPGOPTI_value_profile_use=T -mGLOB_opt_report_use_source_name -mGLOB_offload_mode=1 -mGLOB_offload_no_openmp=TRUE -mP2OPT_offload_unique_var_string=ifort0399509432mYGQWp -mP2OPT_hlo -mP2OPT_hpo_rtt_control=0 -mIPOPT_args_in_regs=0 -mP2OPT_disam_assume_nonstd_intent_in=FALSE -mGLOB_imf_mapping_library=/opt/ohpc/pub/OneAPI/compiler/2022.1.0/linux/bin/intel64/../../bin/intel64/libiml_attr.so -mPGOPTI_gen_threadsafe_level=0 -mIPOPT_link -mIPOPT_ipo_activate -mIPOPT_mo_activate -mIPOPT_source_files_list=/tmp/ifortslisLAjRXC -mIPOPT_mo_global_data -mIPOPT_link_script_file=/tmp/ifortscriptszupA6 "-mIPOPT_cmdline_link="/usr/lib/gcc/x86_64-redhat-linux/4.8.5/../../../../lib64/crt1.o" "/usr/lib/gcc/x86_64-redhat-linux/4.8.5/../../../../lib64/crti.o" "/usr/lib/gcc/x86_64-redhat-linux/4.8.5/crtbegin.o" "--eh-frame-hdr" "--build-id" "-dynamic-linker" "/lib64/ld-linux-x86-64.so.2" "-m" "elf_x86_64" "-plugin" "/opt/ohpc/pub/OneAPI/compiler/2022.1.0/linux/bin/intel64/../../bin/intel64/../../lib/icx-lto.so" "-o" "cmTC_f53f3" "/opt/ohpc/pub/OneAPI/compiler/2022.1.0/linux/bin/intel64/../../compiler/lib/intel64_lin/for_main.o" "-L/opt/ohpc/pub/OneAPI/mkl/2022.1.0/lib/intel64" "-L/opt/ohpc/pub/OneAPI/compiler/2022.1.0/linux/lib" "-L/opt/ohpc/pub/OneAPI/tbb/2021.6.0/lib/intel64/gcc4.8" "-L/opt/ohpc/pub/OneAPI/compiler/2022.1.0/linux/bin/intel64/../../compiler/lib/intel64_lin" "-L/usr/lib/gcc/x86_64-redhat-linux/4.8.5/" "-L/usr/lib/gcc/x86_64-redhat-linux/4.8.5/../../../../lib64" "-L/usr/lib/gcc/x86_64-redhat-linux/4.8.5/../../../../lib64/" "-L/lib/../lib64" "-L/lib/../lib64/" "-L/usr/lib/../lib64" "-L/usr/lib/../lib64/" "-L/opt/ohpc/pub/OneAPI/mkl/2022.1.0/lib/intel64/" "-L/opt/ohpc/pub/OneAPI/compiler/2022.1.0/linux/lib/" "-L/opt/ohpc/pub/OneAPI/tbb/2021.6.0/lib/intel64/gcc4.8/" "-L/usr/lib/gcc/x86_64-redhat-linux/4.8.5/../../../" "-L/lib64" "-L/lib/" "-L/usr/lib64" "-L/usr/lib" "CMakeFiles/cmTC_f53f3.dir/CMakeFortranCompilerABI.F90.o" "-Bdynamic" "-Bstatic" "-lifport" "-lifcoremt" "-limf" "-lsvml" "-Bdynamic" "-lm" "-Bstatic" "-lipgo" "-lirc" "-Bdynamic" "-lpthread" "-Bstatic" "-lsvml" "-Bdynamic" "-lc" "-lgcc" "-lgcc_s" "-Bstatic" "-lirc_s" "-Bdynamic" "-ldl" "-lc" "/usr/lib/gcc/x86_64-redhat-linux/4.8.5/crtend.o" "/usr/lib/gcc/x86_64-redhat-linux/4.8.5/../../../../lib64/crtn.o"" -mIPOPT_il_in_obj -mIPOPT_ipo_activate_warn=FALSE -mIPOPT_obj_output_file_name=/tmp/ipo_ifortRyMHeL.o -mIPOPT_whole_archive_fixup_file_name=/tmp/ifortwarchnU5Bsx -mGLOB_linker_version=2.27 -mGLOB_linker=ld -mGLOB_driver_tempfile_name=/tmp/iforttempfileuOzJ50 -mP3OPT_asm_target=P3OPT_ASM_TARGET_GAS -mGLOB_async_unwind_tables=TRUE -mGLOB_obj_output_file=/tmp/ipo_ifortRyMHeL.o -mGLOB_source_dialect=GLOB_SOURCE_DIALECT_NONE -mP1OPT_source_file_name=ipo_out.f -mP2OPT_symtab_type_copy=true CMakeFiles/cmTC_f53f3.dir/CMakeFortranCompilerABI.F90.o -mIPOPT_object_files=T -mIPOPT_assembly_files=/tmp/ifortalisD0TJtI -mIPOPT_generated_tempfiles=/tmp/ifortelisWASg6b -mIPOPT_embedded_object_base_name=/tmp/iforteobjx22MIF -mIPOPT_cmdline_link_new_name=/tmp/ifortllisK4tjl9]
  link line: [ld    /usr/lib/gcc/x86_64-redhat-linux/4.8.5/../../../../lib64/crt1.o /usr/lib/gcc/x86_64-redhat-linux/4.8.5/../../../../lib64/crti.o /usr/lib/gcc/x86_64-redhat-linux/4.8.5/crtbegin.o --eh-frame-hdr --build-id -dynamic-linker /lib64/ld-linux-x86-64.so.2 -m elf_x86_64 -plugin /opt/ohpc/pub/OneAPI/compiler/2022.1.0/linux/bin/intel64/../../bin/intel64/../../lib/icx-lto.so -o cmTC_f53f3 /opt/ohpc/pub/OneAPI/compiler/2022.1.0/linux/bin/intel64/../../compiler/lib/intel64_lin/for_main.o -L/opt/ohpc/pub/OneAPI/mkl/2022.1.0/lib/intel64 -L/opt/ohpc/pub/OneAPI/compiler/2022.1.0/linux/lib -L/opt/ohpc/pub/OneAPI/tbb/2021.6.0/lib/intel64/gcc4.8 -L/opt/ohpc/pub/OneAPI/compiler/2022.1.0/linux/bin/intel64/../../compiler/lib/intel64_lin -L/usr/lib/gcc/x86_64-redhat-linux/4.8.5/ -L/usr/lib/gcc/x86_64-redhat-linux/4.8.5/../../../../lib64 -L/usr/lib/gcc/x86_64-redhat-linux/4.8.5/../../../../lib64/ -L/lib/../lib64 -L/lib/../lib64/ -L/usr/lib/../lib64 -L/usr/lib/../lib64/ -L/opt/ohpc/pub/OneAPI/mkl/2022.1.0/lib/intel64/ -L/opt/ohpc/pub/OneAPI/compiler/2022.1.0/linux/lib/ -L/opt/ohpc/pub/OneAPI/tbb/2021.6.0/lib/intel64/gcc4.8/ -L/usr/lib/gcc/x86_64-redhat-linux/4.8.5/../../../ -L/lib64 -L/lib/ -L/usr/lib64 -L/usr/lib CMakeFiles/cmTC_f53f3.dir/CMakeFortranCompilerABI.F90.o -Bdynamic -Bstatic -lifport -lifcoremt -limf -lsvml -Bdynamic -lm -Bstatic -lipgo -lirc -Bdynamic -lpthread -Bstatic -lsvml -Bdynamic -lc -lgcc -lgcc_s -Bstatic -lirc_s -Bdynamic -ldl -lc /usr/lib/gcc/x86_64-redhat-linux/4.8.5/crtend.o /usr/lib/gcc/x86_64-redhat-linux/4.8.5/../../../../lib64/crtn.o]
    arg [ld] ==> ignore
    arg [/usr/lib/gcc/x86_64-redhat-linux/4.8.5/../../../../lib64/crt1.o] ==> obj [/usr/lib/gcc/x86_64-redhat-linux/4.8.5/../../../../lib64/crt1.o]
    arg [/usr/lib/gcc/x86_64-redhat-linux/4.8.5/../../../../lib64/crti.o] ==> obj [/usr/lib/gcc/x86_64-redhat-linux/4.8.5/../../../../lib64/crti.o]
    arg [/usr/lib/gcc/x86_64-redhat-linux/4.8.5/crtbegin.o] ==> obj [/usr/lib/gcc/x86_64-redhat-linux/4.8.5/crtbegin.o]
    arg [--eh-frame-hdr] ==> ignore
    arg [--build-id] ==> ignore
    arg [-dynamic-linker] ==> ignore
    arg [/lib64/ld-linux-x86-64.so.2] ==> ignore
    arg [-m] ==> ignore
    arg [elf_x86_64] ==> ignore
    arg [-plugin] ==> ignore
    arg [/opt/ohpc/pub/OneAPI/compiler/2022.1.0/linux/bin/intel64/../../bin/intel64/../../lib/icx-lto.so] ==> ignore
    arg [-o] ==> ignore
    arg [cmTC_f53f3] ==> ignore
    arg [/opt/ohpc/pub/OneAPI/compiler/2022.1.0/linux/bin/intel64/../../compiler/lib/intel64_lin/for_main.o] ==> obj [/opt/ohpc/pub/OneAPI/compiler/2022.1.0/linux/bin/intel64/../../compiler/lib/intel64_lin/for_main.o]
    arg [-L/opt/ohpc/pub/OneAPI/mkl/2022.1.0/lib/intel64] ==> dir [/opt/ohpc/pub/OneAPI/mkl/2022.1.0/lib/intel64]
    arg [-L/opt/ohpc/pub/OneAPI/compiler/2022.1.0/linux/lib] ==> dir [/opt/ohpc/pub/OneAPI/compiler/2022.1.0/linux/lib]
    arg [-L/opt/ohpc/pub/OneAPI/tbb/2021.6.0/lib/intel64/gcc4.8] ==> dir [/opt/ohpc/pub/OneAPI/tbb/2021.6.0/lib/intel64/gcc4.8]
    arg [-L/opt/ohpc/pub/OneAPI/compiler/2022.1.0/linux/bin/intel64/../../compiler/lib/intel64_lin] ==> dir [/opt/ohpc/pub/OneAPI/compiler/2022.1.0/linux/bin/intel64/../../compiler/lib/intel64_lin]
    arg [-L/usr/lib/gcc/x86_64-redhat-linux/4.8.5/] ==> dir [/usr/lib/gcc/x86_64-redhat-linux/4.8.5/]
    arg [-L/usr/lib/gcc/x86_64-redhat-linux/4.8.5/../../../../lib64] ==> dir [/usr/lib/gcc/x86_64-redhat-linux/4.8.5/../../../../lib64]
    arg [-L/usr/lib/gcc/x86_64-redhat-linux/4.8.5/../../../../lib64/] ==> dir [/usr/lib/gcc/x86_64-redhat-linux/4.8.5/../../../../lib64/]
    arg [-L/lib/../lib64] ==> dir [/lib/../lib64]
    arg [-L/lib/../lib64/] ==> dir [/lib/../lib64/]
    arg [-L/usr/lib/../lib64] ==> dir [/usr/lib/../lib64]
    arg [-L/usr/lib/../lib64/] ==> dir [/usr/lib/../lib64/]
    arg [-L/opt/ohpc/pub/OneAPI/mkl/2022.1.0/lib/intel64/] ==> dir [/opt/ohpc/pub/OneAPI/mkl/2022.1.0/lib/intel64/]
    arg [-L/opt/ohpc/pub/OneAPI/compiler/2022.1.0/linux/lib/] ==> dir [/opt/ohpc/pub/OneAPI/compiler/2022.1.0/linux/lib/]
    arg [-L/opt/ohpc/pub/OneAPI/tbb/2021.6.0/lib/intel64/gcc4.8/] ==> dir [/opt/ohpc/pub/OneAPI/tbb/2021.6.0/lib/intel64/gcc4.8/]
    arg [-L/usr/lib/gcc/x86_64-redhat-linux/4.8.5/../../../] ==> dir [/usr/lib/gcc/x86_64-redhat-linux/4.8.5/../../../]
    arg [-L/lib64] ==> dir [/lib64]
    arg [-L/lib/] ==> dir [/lib/]
    arg [-L/usr/lib64] ==> dir [/usr/lib64]
    arg [-L/usr/lib] ==> dir [/usr/lib]
    arg [CMakeFiles/cmTC_f53f3.dir/CMakeFortranCompilerABI.F90.o] ==> ignore
    arg [-Bdynamic] ==> search dynamic
    arg [-Bstatic] ==> search static
    arg [-lifport] ==> lib [ifport]
    arg [-lifcoremt] ==> lib [ifcoremt]
    arg [-limf] ==> lib [imf]
    arg [-lsvml] ==> lib [svml]
    arg [-Bdynamic] ==> search dynamic
    arg [-lm] ==> lib [m]
    arg [-Bstatic] ==> search static
    arg [-lipgo] ==> lib [ipgo]
    arg [-lirc] ==> lib [irc]
    arg [-Bdynamic] ==> search dynamic
    arg [-lpthread] ==> lib [pthread]
    arg [-Bstatic] ==> search static
    arg [-lsvml] ==> lib [svml]
    arg [-Bdynamic] ==> search dynamic
    arg [-lc] ==> lib [c]
    arg [-lgcc] ==> lib [gcc]
    arg [-lgcc_s] ==> lib [gcc_s]
    arg [-Bstatic] ==> search static
    arg [-lirc_s] ==> lib [irc_s]
    arg [-Bdynamic] ==> search dynamic
    arg [-ldl] ==> lib [dl]
    arg [-lc] ==> lib [c]
    arg [/usr/lib/gcc/x86_64-redhat-linux/4.8.5/crtend.o] ==> obj [/usr/lib/gcc/x86_64-redhat-linux/4.8.5/crtend.o]
    arg [/usr/lib/gcc/x86_64-redhat-linux/4.8.5/../../../../lib64/crtn.o] ==> obj [/usr/lib/gcc/x86_64-redhat-linux/4.8.5/../../../../lib64/crtn.o]
  collapse obj [/usr/lib/gcc/x86_64-redhat-linux/4.8.5/../../../../lib64/crt1.o] ==> [/usr/lib64/crt1.o]
  collapse obj [/usr/lib/gcc/x86_64-redhat-linux/4.8.5/../../../../lib64/crti.o] ==> [/usr/lib64/crti.o]
  collapse obj [/opt/ohpc/pub/OneAPI/compiler/2022.1.0/linux/bin/intel64/../../compiler/lib/intel64_lin/for_main.o] ==> [/opt/ohpc/pub/OneAPI/compiler/2022.1.0/linux/compiler/lib/intel64_lin/for_main.o]
  collapse obj [/usr/lib/gcc/x86_64-redhat-linux/4.8.5/../../../../lib64/crtn.o] ==> [/usr/lib64/crtn.o]
  collapse library dir [/opt/ohpc/pub/OneAPI/mkl/2022.1.0/lib/intel64] ==> [/opt/ohpc/pub/OneAPI/mkl/2022.1.0/lib/intel64]
  collapse library dir [/opt/ohpc/pub/OneAPI/compiler/2022.1.0/linux/lib] ==> [/opt/ohpc/pub/OneAPI/compiler/2022.1.0/linux/lib]
  collapse library dir [/opt/ohpc/pub/OneAPI/tbb/2021.6.0/lib/intel64/gcc4.8] ==> [/opt/ohpc/pub/OneAPI/tbb/2021.6.0/lib/intel64/gcc4.8]
  collapse library dir [/opt/ohpc/pub/OneAPI/compiler/2022.1.0/linux/bin/intel64/../../compiler/lib/intel64_lin] ==> [/opt/ohpc/pub/OneAPI/compiler/2022.1.0/linux/compiler/lib/intel64_lin]
  collapse library dir [/usr/lib/gcc/x86_64-redhat-linux/4.8.5/] ==> [/usr/lib/gcc/x86_64-redhat-linux/4.8.5]
  collapse library dir [/usr/lib/gcc/x86_64-redhat-linux/4.8.5/../../../../lib64] ==> [/usr/lib64]
  collapse library dir [/usr/lib/gcc/x86_64-redhat-linux/4.8.5/../../../../lib64/] ==> [/usr/lib64]
  collapse library dir [/lib/../lib64] ==> [/lib64]
  collapse library dir [/lib/../lib64/] ==> [/lib64]
  collapse library dir [/usr/lib/../lib64] ==> [/usr/lib64]
  collapse library dir [/usr/lib/../lib64/] ==> [/usr/lib64]
  collapse library dir [/opt/ohpc/pub/OneAPI/mkl/2022.1.0/lib/intel64/] ==> [/opt/ohpc/pub/OneAPI/mkl/2022.1.0/lib/intel64]
  collapse library dir [/opt/ohpc/pub/OneAPI/compiler/2022.1.0/linux/lib/] ==> [/opt/ohpc/pub/OneAPI/compiler/2022.1.0/linux/lib]
  collapse library dir [/opt/ohpc/pub/OneAPI/tbb/2021.6.0/lib/intel64/gcc4.8/] ==> [/opt/ohpc/pub/OneAPI/tbb/2021.6.0/lib/intel64/gcc4.8]
  collapse library dir [/usr/lib/gcc/x86_64-redhat-linux/4.8.5/../../../] ==> [/usr/lib]
  collapse library dir [/lib64] ==> [/lib64]
  collapse library dir [/lib/] ==> [/lib]
  collapse library dir [/usr/lib64] ==> [/usr/lib64]
  collapse library dir [/usr/lib] ==> [/usr/lib]
  implicit libs: [ifport;ifcoremt;imf;svml;m;ipgo;irc;pthread;svml;c;gcc;gcc_s;irc_s;dl;c]
  implicit objs: [/usr/lib64/crt1.o;/usr/lib64/crti.o;/usr/lib/gcc/x86_64-redhat-linux/4.8.5/crtbegin.o;/opt/ohpc/pub/OneAPI/compiler/2022.1.0/linux/compiler/lib/intel64_lin/for_main.o;/usr/lib/gcc/x86_64-redhat-linux/4.8.5/crtend.o;/usr/lib64/crtn.o]
  implicit dirs: [/opt/ohpc/pub/OneAPI/mkl/2022.1.0/lib/intel64;/opt/ohpc/pub/OneAPI/compiler/2022.1.0/linux/lib;/opt/ohpc/pub/OneAPI/tbb/2021.6.0/lib/intel64/gcc4.8;/opt/ohpc/pub/OneAPI/compiler/2022.1.0/linux/compiler/lib/intel64_lin;/usr/lib/gcc/x86_64-redhat-linux/4.8.5;/usr/lib64;/lib64;/usr/lib;/lib]
  implicit fwks: []


Detecting C compiler ABI info compiled with the following output:
Change Dir: /home/zuwang/TestFortran/BUILD/CMakeFiles/CMakeTmp

Run Build Command(s):/usr/bin/gmake -f Makefile cmTC_e3b41/fast && /usr/bin/gmake  -f CMakeFiles/cmTC_e3b41.dir/build.make CMakeFiles/cmTC_e3b41.dir/build
gmake[1]: Entering directory `/home/zuwang/TestFortran/BUILD/CMakeFiles/CMakeTmp'
Building C object CMakeFiles/cmTC_e3b41.dir/CMakeCCompilerABI.c.o
/usr/bin/cc   -v -o CMakeFiles/cmTC_e3b41.dir/CMakeCCompilerABI.c.o -c /home/zuwang/miniconda3/share/cmake-3.22/Modules/CMakeCCompilerABI.c
Using built-in specs.
COLLECT_GCC=/usr/bin/cc
Target: x86_64-redhat-linux
Configured with: ../configure --prefix=/usr --mandir=/usr/share/man --infodir=/usr/share/info --with-bugurl=http://bugzilla.redhat.com/bugzilla --enable-bootstrap --enable-shared --enable-threads=posix --enable-checking=release --with-system-zlib --enable-__cxa_atexit --disable-libunwind-exceptions --enable-gnu-unique-object --enable-linker-build-id --with-linker-hash-style=gnu --enable-languages=c,c++,objc,obj-c++,java,fortran,ada,go,lto --enable-plugin --enable-initfini-array --disable-libgcj --with-isl=/builddir/build/BUILD/gcc-4.8.5-20150702/obj-x86_64-redhat-linux/isl-install --with-cloog=/builddir/build/BUILD/gcc-4.8.5-20150702/obj-x86_64-redhat-linux/cloog-install --enable-gnu-indirect-function --with-tune=generic --with-arch_32=x86-64 --build=x86_64-redhat-linux
Thread model: posix
gcc version 4.8.5 20150623 (Red Hat 4.8.5-44) (GCC) 
COLLECT_GCC_OPTIONS='-v' '-o' 'CMakeFiles/cmTC_e3b41.dir/CMakeCCompilerABI.c.o' '-c' '-mtune=generic' '-march=x86-64'
 /usr/libexec/gcc/x86_64-redhat-linux/4.8.5/cc1 -quiet -v /home/zuwang/miniconda3/share/cmake-3.22/Modules/CMakeCCompilerABI.c -quiet -dumpbase CMakeCCompilerABI.c -mtune=generic -march=x86-64 -auxbase-strip CMakeFiles/cmTC_e3b41.dir/CMakeCCompilerABI.c.o -version -o /tmp/ccxIU9nM.s
GNU C (GCC) version 4.8.5 20150623 (Red Hat 4.8.5-44) (x86_64-redhat-linux)
	compiled by GNU C version 4.8.5 20150623 (Red Hat 4.8.5-44), GMP version 6.0.0, MPFR version 3.1.1, MPC version 1.0.1
GGC heuristics: --param ggc-min-expand=100 --param ggc-min-heapsize=131072
ignoring nonexistent directory "/usr/lib/gcc/x86_64-redhat-linux/4.8.5/include-fixed"
ignoring nonexistent directory "/usr/lib/gcc/x86_64-redhat-linux/4.8.5/../../../../x86_64-redhat-linux/include"
#include "..." search starts here:
#include <...> search starts here:
 /opt/ohpc/pub/OneAPI/mkl/2022.1.0/include
 /opt/ohpc/pub/OneAPI/tbb/2021.6.0/include
 /usr/lib/gcc/x86_64-redhat-linux/4.8.5/include
 /usr/local/include
 /usr/include
End of search list.
GNU C (GCC) version 4.8.5 20150623 (Red Hat 4.8.5-44) (x86_64-redhat-linux)
	compiled by GNU C version 4.8.5 20150623 (Red Hat 4.8.5-44), GMP version 6.0.0, MPFR version 3.1.1, MPC version 1.0.1
GGC heuristics: --param ggc-min-expand=100 --param ggc-min-heapsize=131072
Compiler executable checksum: 231b3394950636dbfe0428e88716bc73
COLLECT_GCC_OPTIONS='-v' '-o' 'CMakeFiles/cmTC_e3b41.dir/CMakeCCompilerABI.c.o' '-c' '-mtune=generic' '-march=x86-64'
 as -v --64 -o CMakeFiles/cmTC_e3b41.dir/CMakeCCompilerABI.c.o /tmp/ccxIU9nM.s
GNU assembler version 2.27 (x86_64-redhat-linux) using BFD version version 2.27-44.base.el7
COMPILER_PATH=/usr/libexec/gcc/x86_64-redhat-linux/4.8.5/:/usr/libexec/gcc/x86_64-redhat-linux/4.8.5/:/usr/libexec/gcc/x86_64-redhat-linux/:/usr/lib/gcc/x86_64-redhat-linux/4.8.5/:/usr/lib/gcc/x86_64-redhat-linux/
LIBRARY_PATH=/usr/lib/gcc/x86_64-redhat-linux/4.8.5/:/usr/lib/gcc/x86_64-redhat-linux/4.8.5/../../../../lib64/:/lib/../lib64/:/usr/lib/../lib64/:/opt/ohpc/pub/OneAPI/mkl/2022.1.0/lib/intel64/:/opt/ohpc/pub/OneAPI/compiler/2022.1.0/linux/lib/:/opt/ohpc/pub/OneAPI/tbb/2021.6.0/lib/intel64/gcc4.8/:/usr/lib/gcc/x86_64-redhat-linux/4.8.5/../../../:/lib/:/usr/lib/
COLLECT_GCC_OPTIONS='-v' '-o' 'CMakeFiles/cmTC_e3b41.dir/CMakeCCompilerABI.c.o' '-c' '-mtune=generic' '-march=x86-64'
Linking C executable cmTC_e3b41
/home/zuwang/miniconda3/bin/cmake -E cmake_link_script CMakeFiles/cmTC_e3b41.dir/link.txt --verbose=1
/usr/bin/cc  -v CMakeFiles/cmTC_e3b41.dir/CMakeCCompilerABI.c.o -o cmTC_e3b41 
Using built-in specs.
COLLECT_GCC=/usr/bin/cc
COLLECT_LTO_WRAPPER=/usr/libexec/gcc/x86_64-redhat-linux/4.8.5/lto-wrapper
Target: x86_64-redhat-linux
Configured with: ../configure --prefix=/usr --mandir=/usr/share/man --infodir=/usr/share/info --with-bugurl=http://bugzilla.redhat.com/bugzilla --enable-bootstrap --enable-shared --enable-threads=posix --enable-checking=release --with-system-zlib --enable-__cxa_atexit --disable-libunwind-exceptions --enable-gnu-unique-object --enable-linker-build-id --with-linker-hash-style=gnu --enable-languages=c,c++,objc,obj-c++,java,fortran,ada,go,lto --enable-plugin --enable-initfini-array --disable-libgcj --with-isl=/builddir/build/BUILD/gcc-4.8.5-20150702/obj-x86_64-redhat-linux/isl-install --with-cloog=/builddir/build/BUILD/gcc-4.8.5-20150702/obj-x86_64-redhat-linux/cloog-install --enable-gnu-indirect-function --with-tune=generic --with-arch_32=x86-64 --build=x86_64-redhat-linux
Thread model: posix
gcc version 4.8.5 20150623 (Red Hat 4.8.5-44) (GCC) 
COMPILER_PATH=/usr/libexec/gcc/x86_64-redhat-linux/4.8.5/:/usr/libexec/gcc/x86_64-redhat-linux/4.8.5/:/usr/libexec/gcc/x86_64-redhat-linux/:/usr/lib/gcc/x86_64-redhat-linux/4.8.5/:/usr/lib/gcc/x86_64-redhat-linux/
LIBRARY_PATH=/usr/lib/gcc/x86_64-redhat-linux/4.8.5/:/usr/lib/gcc/x86_64-redhat-linux/4.8.5/../../../../lib64/:/lib/../lib64/:/usr/lib/../lib64/:/opt/ohpc/pub/OneAPI/mkl/2022.1.0/lib/intel64/:/opt/ohpc/pub/OneAPI/compiler/2022.1.0/linux/lib/:/opt/ohpc/pub/OneAPI/tbb/2021.6.0/lib/intel64/gcc4.8/:/usr/lib/gcc/x86_64-redhat-linux/4.8.5/../../../:/lib/:/usr/lib/
COLLECT_GCC_OPTIONS='-v' '-o' 'cmTC_e3b41' '-mtune=generic' '-march=x86-64'
 /usr/libexec/gcc/x86_64-redhat-linux/4.8.5/collect2 --build-id --no-add-needed --eh-frame-hdr --hash-style=gnu -m elf_x86_64 -dynamic-linker /lib64/ld-linux-x86-64.so.2 -o cmTC_e3b41 /usr/lib/gcc/x86_64-redhat-linux/4.8.5/../../../../lib64/crt1.o /usr/lib/gcc/x86_64-redhat-linux/4.8.5/../../../../lib64/crti.o /usr/lib/gcc/x86_64-redhat-linux/4.8.5/crtbegin.o -L/usr/lib/gcc/x86_64-redhat-linux/4.8.5 -L/usr/lib/gcc/x86_64-redhat-linux/4.8.5/../../../../lib64 -L/lib/../lib64 -L/usr/lib/../lib64 -L/opt/ohpc/pub/OneAPI/mkl/2022.1.0/lib/intel64 -L/opt/ohpc/pub/OneAPI/compiler/2022.1.0/linux/lib -L/opt/ohpc/pub/OneAPI/tbb/2021.6.0/lib/intel64/gcc4.8 -L/usr/lib/gcc/x86_64-redhat-linux/4.8.5/../../.. CMakeFiles/cmTC_e3b41.dir/CMakeCCompilerABI.c.o -lgcc --as-needed -lgcc_s --no-as-needed -lc -lgcc --as-needed -lgcc_s --no-as-needed /usr/lib/gcc/x86_64-redhat-linux/4.8.5/crtend.o /usr/lib/gcc/x86_64-redhat-linux/4.8.5/../../../../lib64/crtn.o
gmake[1]: Leaving directory `/home/zuwang/TestFortran/BUILD/CMakeFiles/CMakeTmp'



Parsed C implicit include dir info from above output: rv=done
  found start of include info
  found start of implicit include info
    add: [/opt/ohpc/pub/OneAPI/mkl/2022.1.0/include]
    add: [/opt/ohpc/pub/OneAPI/tbb/2021.6.0/include]
    add: [/usr/lib/gcc/x86_64-redhat-linux/4.8.5/include]
    add: [/usr/local/include]
    add: [/usr/include]
  end of search list found
  collapse include dir [/opt/ohpc/pub/OneAPI/mkl/2022.1.0/include] ==> [/opt/ohpc/pub/OneAPI/mkl/2022.1.0/include]
  collapse include dir [/opt/ohpc/pub/OneAPI/tbb/2021.6.0/include] ==> [/opt/ohpc/pub/OneAPI/tbb/2021.6.0/include]
  collapse include dir [/usr/lib/gcc/x86_64-redhat-linux/4.8.5/include] ==> [/usr/lib/gcc/x86_64-redhat-linux/4.8.5/include]
  collapse include dir [/usr/local/include] ==> [/usr/local/include]
  collapse include dir [/usr/include] ==> [/usr/include]
  implicit include dirs: [/opt/ohpc/pub/OneAPI/mkl/2022.1.0/include;/opt/ohpc/pub/OneAPI/tbb/2021.6.0/include;/usr/lib/gcc/x86_64-redhat-linux/4.8.5/include;/usr/local/include;/usr/include]


Parsed C implicit link information from above output:
  link line regex: [^( *|.*[/\])(ld|CMAKE_LINK_STARTFILE-NOTFOUND|([^/\]+-)?ld|collect2)[^/\]*( |$)]
  ignore line: [Change Dir: /home/zuwang/TestFortran/BUILD/CMakeFiles/CMakeTmp]
  ignore line: []
  ignore line: [Run Build Command(s):/usr/bin/gmake -f Makefile cmTC_e3b41/fast && /usr/bin/gmake  -f CMakeFiles/cmTC_e3b41.dir/build.make CMakeFiles/cmTC_e3b41.dir/build]
  ignore line: [gmake[1]: Entering directory `/home/zuwang/TestFortran/BUILD/CMakeFiles/CMakeTmp']
  ignore line: [Building C object CMakeFiles/cmTC_e3b41.dir/CMakeCCompilerABI.c.o]
  ignore line: [/usr/bin/cc   -v -o CMakeFiles/cmTC_e3b41.dir/CMakeCCompilerABI.c.o -c /home/zuwang/miniconda3/share/cmake-3.22/Modules/CMakeCCompilerABI.c]
  ignore line: [Using built-in specs.]
  ignore line: [COLLECT_GCC=/usr/bin/cc]
  ignore line: [Target: x86_64-redhat-linux]
  ignore line: [Configured with: ../configure --prefix=/usr --mandir=/usr/share/man --infodir=/usr/share/info --with-bugurl=http://bugzilla.redhat.com/bugzilla --enable-bootstrap --enable-shared --enable-threads=posix --enable-checking=release --with-system-zlib --enable-__cxa_atexit --disable-libunwind-exceptions --enable-gnu-unique-object --enable-linker-build-id --with-linker-hash-style=gnu --enable-languages=c c++ objc obj-c++ java fortran ada go lto --enable-plugin --enable-initfini-array --disable-libgcj --with-isl=/builddir/build/BUILD/gcc-4.8.5-20150702/obj-x86_64-redhat-linux/isl-install --with-cloog=/builddir/build/BUILD/gcc-4.8.5-20150702/obj-x86_64-redhat-linux/cloog-install --enable-gnu-indirect-function --with-tune=generic --with-arch_32=x86-64 --build=x86_64-redhat-linux]
  ignore line: [Thread model: posix]
  ignore line: [gcc version 4.8.5 20150623 (Red Hat 4.8.5-44) (GCC) ]
  ignore line: [COLLECT_GCC_OPTIONS='-v' '-o' 'CMakeFiles/cmTC_e3b41.dir/CMakeCCompilerABI.c.o' '-c' '-mtune=generic' '-march=x86-64']
  ignore line: [ /usr/libexec/gcc/x86_64-redhat-linux/4.8.5/cc1 -quiet -v /home/zuwang/miniconda3/share/cmake-3.22/Modules/CMakeCCompilerABI.c -quiet -dumpbase CMakeCCompilerABI.c -mtune=generic -march=x86-64 -auxbase-strip CMakeFiles/cmTC_e3b41.dir/CMakeCCompilerABI.c.o -version -o /tmp/ccxIU9nM.s]
  ignore line: [GNU C (GCC) version 4.8.5 20150623 (Red Hat 4.8.5-44) (x86_64-redhat-linux)]
  ignore line: [	compiled by GNU C version 4.8.5 20150623 (Red Hat 4.8.5-44)  GMP version 6.0.0  MPFR version 3.1.1  MPC version 1.0.1]
  ignore line: [GGC heuristics: --param ggc-min-expand=100 --param ggc-min-heapsize=131072]
  ignore line: [ignoring nonexistent directory "/usr/lib/gcc/x86_64-redhat-linux/4.8.5/include-fixed"]
  ignore line: [ignoring nonexistent directory "/usr/lib/gcc/x86_64-redhat-linux/4.8.5/../../../../x86_64-redhat-linux/include"]
  ignore line: [#include "..." search starts here:]
  ignore line: [#include <...> search starts here:]
  ignore line: [ /opt/ohpc/pub/OneAPI/mkl/2022.1.0/include]
  ignore line: [ /opt/ohpc/pub/OneAPI/tbb/2021.6.0/include]
  ignore line: [ /usr/lib/gcc/x86_64-redhat-linux/4.8.5/include]
  ignore line: [ /usr/local/include]
  ignore line: [ /usr/include]
  ignore line: [End of search list.]
  ignore line: [GNU C (GCC) version 4.8.5 20150623 (Red Hat 4.8.5-44) (x86_64-redhat-linux)]
  ignore line: [	compiled by GNU C version 4.8.5 20150623 (Red Hat 4.8.5-44)  GMP version 6.0.0  MPFR version 3.1.1  MPC version 1.0.1]
  ignore line: [GGC heuristics: --param ggc-min-expand=100 --param ggc-min-heapsize=131072]
  ignore line: [Compiler executable checksum: 231b3394950636dbfe0428e88716bc73]
  ignore line: [COLLECT_GCC_OPTIONS='-v' '-o' 'CMakeFiles/cmTC_e3b41.dir/CMakeCCompilerABI.c.o' '-c' '-mtune=generic' '-march=x86-64']
  ignore line: [ as -v --64 -o CMakeFiles/cmTC_e3b41.dir/CMakeCCompilerABI.c.o /tmp/ccxIU9nM.s]
  ignore line: [GNU assembler version 2.27 (x86_64-redhat-linux) using BFD version version 2.27-44.base.el7]
  ignore line: [COMPILER_PATH=/usr/libexec/gcc/x86_64-redhat-linux/4.8.5/:/usr/libexec/gcc/x86_64-redhat-linux/4.8.5/:/usr/libexec/gcc/x86_64-redhat-linux/:/usr/lib/gcc/x86_64-redhat-linux/4.8.5/:/usr/lib/gcc/x86_64-redhat-linux/]
  ignore line: [LIBRARY_PATH=/usr/lib/gcc/x86_64-redhat-linux/4.8.5/:/usr/lib/gcc/x86_64-redhat-linux/4.8.5/../../../../lib64/:/lib/../lib64/:/usr/lib/../lib64/:/opt/ohpc/pub/OneAPI/mkl/2022.1.0/lib/intel64/:/opt/ohpc/pub/OneAPI/compiler/2022.1.0/linux/lib/:/opt/ohpc/pub/OneAPI/tbb/2021.6.0/lib/intel64/gcc4.8/:/usr/lib/gcc/x86_64-redhat-linux/4.8.5/../../../:/lib/:/usr/lib/]
  ignore line: [COLLECT_GCC_OPTIONS='-v' '-o' 'CMakeFiles/cmTC_e3b41.dir/CMakeCCompilerABI.c.o' '-c' '-mtune=generic' '-march=x86-64']
  ignore line: [Linking C executable cmTC_e3b41]
  ignore line: [/home/zuwang/miniconda3/bin/cmake -E cmake_link_script CMakeFiles/cmTC_e3b41.dir/link.txt --verbose=1]
  ignore line: [/usr/bin/cc  -v CMakeFiles/cmTC_e3b41.dir/CMakeCCompilerABI.c.o -o cmTC_e3b41 ]
  ignore line: [Using built-in specs.]
  ignore line: [COLLECT_GCC=/usr/bin/cc]
  ignore line: [COLLECT_LTO_WRAPPER=/usr/libexec/gcc/x86_64-redhat-linux/4.8.5/lto-wrapper]
  ignore line: [Target: x86_64-redhat-linux]
  ignore line: [Configured with: ../configure --prefix=/usr --mandir=/usr/share/man --infodir=/usr/share/info --with-bugurl=http://bugzilla.redhat.com/bugzilla --enable-bootstrap --enable-shared --enable-threads=posix --enable-checking=release --with-system-zlib --enable-__cxa_atexit --disable-libunwind-exceptions --enable-gnu-unique-object --enable-linker-build-id --with-linker-hash-style=gnu --enable-languages=c c++ objc obj-c++ java fortran ada go lto --enable-plugin --enable-initfini-array --disable-libgcj --with-isl=/builddir/build/BUILD/gcc-4.8.5-20150702/obj-x86_64-redhat-linux/isl-install --with-cloog=/builddir/build/BUILD/gcc-4.8.5-20150702/obj-x86_64-redhat-linux/cloog-install --enable-gnu-indirect-function --with-tune=generic --with-arch_32=x86-64 --build=x86_64-redhat-linux]
  ignore line: [Thread model: posix]
  ignore line: [gcc version 4.8.5 20150623 (Red Hat 4.8.5-44) (GCC) ]
  ignore line: [COMPILER_PATH=/usr/libexec/gcc/x86_64-redhat-linux/4.8.5/:/usr/libexec/gcc/x86_64-redhat-linux/4.8.5/:/usr/libexec/gcc/x86_64-redhat-linux/:/usr/lib/gcc/x86_64-redhat-linux/4.8.5/:/usr/lib/gcc/x86_64-redhat-linux/]
  ignore line: [LIBRARY_PATH=/usr/lib/gcc/x86_64-redhat-linux/4.8.5/:/usr/lib/gcc/x86_64-redhat-linux/4.8.5/../../../../lib64/:/lib/../lib64/:/usr/lib/../lib64/:/opt/ohpc/pub/OneAPI/mkl/2022.1.0/lib/intel64/:/opt/ohpc/pub/OneAPI/compiler/2022.1.0/linux/lib/:/opt/ohpc/pub/OneAPI/tbb/2021.6.0/lib/intel64/gcc4.8/:/usr/lib/gcc/x86_64-redhat-linux/4.8.5/../../../:/lib/:/usr/lib/]
  ignore line: [COLLECT_GCC_OPTIONS='-v' '-o' 'cmTC_e3b41' '-mtune=generic' '-march=x86-64']
  link line: [ /usr/libexec/gcc/x86_64-redhat-linux/4.8.5/collect2 --build-id --no-add-needed --eh-frame-hdr --hash-style=gnu -m elf_x86_64 -dynamic-linker /lib64/ld-linux-x86-64.so.2 -o cmTC_e3b41 /usr/lib/gcc/x86_64-redhat-linux/4.8.5/../../../../lib64/crt1.o /usr/lib/gcc/x86_64-redhat-linux/4.8.5/../../../../lib64/crti.o /usr/lib/gcc/x86_64-redhat-linux/4.8.5/crtbegin.o -L/usr/lib/gcc/x86_64-redhat-linux/4.8.5 -L/usr/lib/gcc/x86_64-redhat-linux/4.8.5/../../../../lib64 -L/lib/../lib64 -L/usr/lib/../lib64 -L/opt/ohpc/pub/OneAPI/mkl/2022.1.0/lib/intel64 -L/opt/ohpc/pub/OneAPI/compiler/2022.1.0/linux/lib -L/opt/ohpc/pub/OneAPI/tbb/2021.6.0/lib/intel64/gcc4.8 -L/usr/lib/gcc/x86_64-redhat-linux/4.8.5/../../.. CMakeFiles/cmTC_e3b41.dir/CMakeCCompilerABI.c.o -lgcc --as-needed -lgcc_s --no-as-needed -lc -lgcc --as-needed -lgcc_s --no-as-needed /usr/lib/gcc/x86_64-redhat-linux/4.8.5/crtend.o /usr/lib/gcc/x86_64-redhat-linux/4.8.5/../../../../lib64/crtn.o]
    arg [/usr/libexec/gcc/x86_64-redhat-linux/4.8.5/collect2] ==> ignore
    arg [--build-id] ==> ignore
    arg [--no-add-needed] ==> ignore
    arg [--eh-frame-hdr] ==> ignore
    arg [--hash-style=gnu] ==> ignore
    arg [-m] ==> ignore
    arg [elf_x86_64] ==> ignore
    arg [-dynamic-linker] ==> ignore
    arg [/lib64/ld-linux-x86-64.so.2] ==> ignore
    arg [-o] ==> ignore
    arg [cmTC_e3b41] ==> ignore
    arg [/usr/lib/gcc/x86_64-redhat-linux/4.8.5/../../../../lib64/crt1.o] ==> obj [/usr/lib/gcc/x86_64-redhat-linux/4.8.5/../../../../lib64/crt1.o]
    arg [/usr/lib/gcc/x86_64-redhat-linux/4.8.5/../../../../lib64/crti.o] ==> obj [/usr/lib/gcc/x86_64-redhat-linux/4.8.5/../../../../lib64/crti.o]
    arg [/usr/lib/gcc/x86_64-redhat-linux/4.8.5/crtbegin.o] ==> obj [/usr/lib/gcc/x86_64-redhat-linux/4.8.5/crtbegin.o]
    arg [-L/usr/lib/gcc/x86_64-redhat-linux/4.8.5] ==> dir [/usr/lib/gcc/x86_64-redhat-linux/4.8.5]
    arg [-L/usr/lib/gcc/x86_64-redhat-linux/4.8.5/../../../../lib64] ==> dir [/usr/lib/gcc/x86_64-redhat-linux/4.8.5/../../../../lib64]
    arg [-L/lib/../lib64] ==> dir [/lib/../lib64]
    arg [-L/usr/lib/../lib64] ==> dir [/usr/lib/../lib64]
    arg [-L/opt/ohpc/pub/OneAPI/mkl/2022.1.0/lib/intel64] ==> dir [/opt/ohpc/pub/OneAPI/mkl/2022.1.0/lib/intel64]
    arg [-L/opt/ohpc/pub/OneAPI/compiler/2022.1.0/linux/lib] ==> dir [/opt/ohpc/pub/OneAPI/compiler/2022.1.0/linux/lib]
    arg [-L/opt/ohpc/pub/OneAPI/tbb/2021.6.0/lib/intel64/gcc4.8] ==> dir [/opt/ohpc/pub/OneAPI/tbb/2021.6.0/lib/intel64/gcc4.8]
    arg [-L/usr/lib/gcc/x86_64-redhat-linux/4.8.5/../../..] ==> dir [/usr/lib/gcc/x86_64-redhat-linux/4.8.5/../../..]
    arg [CMakeFiles/cmTC_e3b41.dir/CMakeCCompilerABI.c.o] ==> ignore
    arg [-lgcc] ==> lib [gcc]
    arg [--as-needed] ==> ignore
    arg [-lgcc_s] ==> lib [gcc_s]
    arg [--no-as-needed] ==> ignore
    arg [-lc] ==> lib [c]
    arg [-lgcc] ==> lib [gcc]
    arg [--as-needed] ==> ignore
    arg [-lgcc_s] ==> lib [gcc_s]
    arg [--no-as-needed] ==> ignore
    arg [/usr/lib/gcc/x86_64-redhat-linux/4.8.5/crtend.o] ==> obj [/usr/lib/gcc/x86_64-redhat-linux/4.8.5/crtend.o]
    arg [/usr/lib/gcc/x86_64-redhat-linux/4.8.5/../../../../lib64/crtn.o] ==> obj [/usr/lib/gcc/x86_64-redhat-linux/4.8.5/../../../../lib64/crtn.o]
  collapse obj [/usr/lib/gcc/x86_64-redhat-linux/4.8.5/../../../../lib64/crt1.o] ==> [/usr/lib64/crt1.o]
  collapse obj [/usr/lib/gcc/x86_64-redhat-linux/4.8.5/../../../../lib64/crti.o] ==> [/usr/lib64/crti.o]
  collapse obj [/usr/lib/gcc/x86_64-redhat-linux/4.8.5/../../../../lib64/crtn.o] ==> [/usr/lib64/crtn.o]
  collapse library dir [/usr/lib/gcc/x86_64-redhat-linux/4.8.5] ==> [/usr/lib/gcc/x86_64-redhat-linux/4.8.5]
  collapse library dir [/usr/lib/gcc/x86_64-redhat-linux/4.8.5/../../../../lib64] ==> [/usr/lib64]
  collapse library dir [/lib/../lib64] ==> [/lib64]
  collapse library dir [/usr/lib/../lib64] ==> [/usr/lib64]
  collapse library dir [/opt/ohpc/pub/OneAPI/mkl/2022.1.0/lib/intel64] ==> [/opt/ohpc/pub/OneAPI/mkl/2022.1.0/lib/intel64]
  collapse library dir [/opt/ohpc/pub/OneAPI/compiler/2022.1.0/linux/lib] ==> [/opt/ohpc/pub/OneAPI/compiler/2022.1.0/linux/lib]
  collapse library dir [/opt/ohpc/pub/OneAPI/tbb/2021.6.0/lib/intel64/gcc4.8] ==> [/opt/ohpc/pub/OneAPI/tbb/2021.6.0/lib/intel64/gcc4.8]
  collapse library dir [/usr/lib/gcc/x86_64-redhat-linux/4.8.5/../../..] ==> [/usr/lib]
  implicit libs: [gcc;gcc_s;c;gcc;gcc_s]
  implicit objs: [/usr/lib64/crt1.o;/usr/lib64/crti.o;/usr/lib/gcc/x86_64-redhat-linux/4.8.5/crtbegin.o;/usr/lib/gcc/x86_64-redhat-linux/4.8.5/crtend.o;/usr/lib64/crtn.o]
  implicit dirs: [/usr/lib/gcc/x86_64-redhat-linux/4.8.5;/usr/lib64;/lib64;/opt/ohpc/pub/OneAPI/mkl/2022.1.0/lib/intel64;/opt/ohpc/pub/OneAPI/compiler/2022.1.0/linux/lib;/opt/ohpc/pub/OneAPI/tbb/2021.6.0/lib/intel64/gcc4.8;/usr/lib]
  implicit fwks: []


Determining if the include file pthread.h exists passed with the following output:
Change Dir: /home/zuwang/TestFortran/BUILD/CMakeFiles/CMakeTmp

Run Build Command(s):/usr/bin/gmake -f Makefile cmTC_c35c7/fast && /usr/bin/gmake  -f CMakeFiles/cmTC_c35c7.dir/build.make CMakeFiles/cmTC_c35c7.dir/build
gmake[1]: Entering directory `/home/zuwang/TestFortran/BUILD/CMakeFiles/CMakeTmp'
Building C object CMakeFiles/cmTC_c35c7.dir/CheckIncludeFile.c.o
/usr/bin/cc    -o CMakeFiles/cmTC_c35c7.dir/CheckIncludeFile.c.o -c /home/zuwang/TestFortran/BUILD/CMakeFiles/CMakeTmp/CheckIncludeFile.c
Linking C executable cmTC_c35c7
/home/zuwang/miniconda3/bin/cmake -E cmake_link_script CMakeFiles/cmTC_c35c7.dir/link.txt --verbose=1
/usr/bin/cc CMakeFiles/cmTC_c35c7.dir/CheckIncludeFile.c.o -o cmTC_c35c7 
gmake[1]: Leaving directory `/home/zuwang/TestFortran/BUILD/CMakeFiles/CMakeTmp'



Determining if the function pthread_create exists in the pthread passed with the following output:
Change Dir: /home/zuwang/TestFortran/BUILD/CMakeFiles/CMakeTmp

Run Build Command(s):/usr/bin/gmake -f Makefile cmTC_6041a/fast && /usr/bin/gmake  -f CMakeFiles/cmTC_6041a.dir/build.make CMakeFiles/cmTC_6041a.dir/build
gmake[1]: Entering directory `/home/zuwang/TestFortran/BUILD/CMakeFiles/CMakeTmp'
Building C object CMakeFiles/cmTC_6041a.dir/CheckFunctionExists.c.o
/usr/bin/cc   -DCHECK_FUNCTION_EXISTS=pthread_create -o CMakeFiles/cmTC_6041a.dir/CheckFunctionExists.c.o -c /home/zuwang/miniconda3/share/cmake-3.22/Modules/CheckFunctionExists.c
Linking C executable cmTC_6041a
/home/zuwang/miniconda3/bin/cmake -E cmake_link_script CMakeFiles/cmTC_6041a.dir/link.txt --verbose=1
/usr/bin/cc  -DCHECK_FUNCTION_EXISTS=pthread_create CMakeFiles/cmTC_6041a.dir/CheckFunctionExists.c.o -o cmTC_6041a  -lpthread 
gmake[1]: Leaving directory `/home/zuwang/TestFortran/BUILD/CMakeFiles/CMakeTmp'



Determining if the Fortran sgemm exists passed with the following output:
Change Dir: /home/zuwang/TestFortran/BUILD/CMakeFiles/CMakeTmp

Run Build Command(s):/usr/bin/gmake -f Makefile cmTC_45d64/fast && /usr/bin/gmake  -f CMakeFiles/cmTC_45d64.dir/build.make CMakeFiles/cmTC_45d64.dir/build
gmake[1]: Entering directory `/home/zuwang/TestFortran/BUILD/CMakeFiles/CMakeTmp'
Building Fortran object CMakeFiles/cmTC_45d64.dir/testFortranCompiler.f.o
/opt/ohpc/pub/OneAPI/compiler/2022.1.0/linux/bin/intel64/ifort    -c /home/zuwang/TestFortran/BUILD/CMakeFiles/CMakeTmp/testFortranCompiler.f -o CMakeFiles/cmTC_45d64.dir/testFortranCompiler.f.o
Linking Fortran executable cmTC_45d64
/home/zuwang/miniconda3/bin/cmake -E cmake_link_script CMakeFiles/cmTC_45d64.dir/link.txt --verbose=1
/opt/ohpc/pub/OneAPI/compiler/2022.1.0/linux/bin/intel64/ifort CMakeFiles/cmTC_45d64.dir/testFortranCompiler.f.o -o cmTC_45d64  /opt/ohpc/pub/OneAPI/mkl/2022.1.0/lib/intel64/libmkl_intel_lp64.so /opt/ohpc/pub/OneAPI/mkl/2022.1.0/lib/intel64/libmkl_intel_thread.so /opt/ohpc/pub/OneAPI/mkl/2022.1.0/lib/intel64/libmkl_core.so /opt/ohpc/pub/OneAPI/compiler/2022.1.0/linux/compiler/lib/intel64_lin/libiomp5.so -lpthread -lm -ldl 
gmake[1]: Leaving directory `/home/zuwang/TestFortran/BUILD/CMakeFiles/CMakeTmp'



Determining if the Fortran cheev exists passed with the following output:
Change Dir: /home/zuwang/TestFortran/BUILD/CMakeFiles/CMakeTmp

Run Build Command(s):/usr/bin/gmake -f Makefile cmTC_da189/fast && /usr/bin/gmake  -f CMakeFiles/cmTC_da189.dir/build.make CMakeFiles/cmTC_da189.dir/build
gmake[1]: Entering directory `/home/zuwang/TestFortran/BUILD/CMakeFiles/CMakeTmp'
Building Fortran object CMakeFiles/cmTC_da189.dir/testFortranCompiler.f.o
/opt/ohpc/pub/OneAPI/compiler/2022.1.0/linux/bin/intel64/ifort    -c /home/zuwang/TestFortran/BUILD/CMakeFiles/CMakeTmp/testFortranCompiler.f -o CMakeFiles/cmTC_da189.dir/testFortranCompiler.f.o
Linking Fortran executable cmTC_da189
/home/zuwang/miniconda3/bin/cmake -E cmake_link_script CMakeFiles/cmTC_da189.dir/link.txt --verbose=1
/opt/ohpc/pub/OneAPI/compiler/2022.1.0/linux/bin/intel64/ifort CMakeFiles/cmTC_da189.dir/testFortranCompiler.f.o -o cmTC_da189  /opt/ohpc/pub/OneAPI/mkl/2022.1.0/lib/intel64/libmkl_intel_lp64.so /opt/ohpc/pub/OneAPI/mkl/2022.1.0/lib/intel64/libmkl_intel_thread.so /opt/ohpc/pub/OneAPI/mkl/2022.1.0/lib/intel64/libmkl_core.so /opt/ohpc/pub/OneAPI/compiler/2022.1.0/linux/compiler/lib/intel64_lin/libiomp5.so -lpthread -lm -ldl -lpthread -lm -ldl 
gmake[1]: Leaving directory `/home/zuwang/TestFortran/BUILD/CMakeFiles/CMakeTmp'



